This is pdfTeX, Version 3.14159265-2.6-1.40.19 (MiKTeX 2.9.6800 64-bit) (preloaded format=pdflatex 2018.9.12)  12 DEC 2019 00:35
entering extended mode
**./lysandrou_project_2.tex
(lysandrou_project_2.tex
LaTeX2e <2018-04-01> patch level 5
(new-aiaa.cls
Document Class: new-aiaa 2017/07/31, v1.0

("C:\Users\Padraig Lysandrou\AppData\Local\Programs\MiKTeX 2.9\tex\latex\base\a
rticle.cls"
Document Class: article 2014/09/29 v1.4h Standard LaTeX document class

("C:\Users\Padraig Lysandrou\AppData\Local\Programs\MiKTeX 2.9\tex\latex\base\s
ize10.clo"
File: size10.clo 2014/09/29 v1.4h Standard LaTeX file (size option)
)
\c@part=\count80
\c@section=\count81
\c@subsection=\count82
\c@subsubsection=\count83
\c@paragraph=\count84
\c@subparagraph=\count85
\c@figure=\count86
\c@table=\count87
\abovecaptionskip=\skip41
\belowcaptionskip=\skip42
\bibindent=\dimen102
)
("C:\Users\Padraig Lysandrou\AppData\Local\Programs\MiKTeX 2.9\tex\latex\base\i
nputenc.sty"
Package: inputenc 2018/04/06 v1.3b Input encoding file
\inpenc@prehook=\toks14
\inpenc@posthook=\toks15
)
("C:\Users\Padraig Lysandrou\AppData\Local\Programs\MiKTeX 2.9\tex\latex\microt
ype\microtype.sty"
Package: microtype 2018/01/14 v2.7a Micro-typographical refinements (RS)

("C:\Users\Padraig Lysandrou\AppData\Local\Programs\MiKTeX 2.9\tex\latex\graphi
cs\keyval.sty"
Package: keyval 2014/10/28 v1.15 key=value parser (DPC)
\KV@toks@=\toks16
)
\MT@toks=\toks17
\MT@count=\count88
LaTeX Info: Redefining \textls on input line 793.
\MT@outer@kern=\dimen103
LaTeX Info: Redefining \textmicrotypecontext on input line 1339.
\MT@listname@count=\count89

("C:\Users\Padraig Lysandrou\AppData\Local\Programs\MiKTeX 2.9\tex\latex\microt
ype\microtype-pdftex.def"
File: microtype-pdftex.def 2018/01/14 v2.7a Definitions specific to pdftex (RS)

LaTeX Info: Redefining \lsstyle on input line 913.
LaTeX Info: Redefining \lslig on input line 913.
\MT@outer@space=\skip43
)
Package microtype Info: Loading configuration file microtype.cfg.

("C:\Users\Padraig Lysandrou\AppData\Local\Programs\MiKTeX 2.9\tex\latex\microt
ype\microtype.cfg"
File: microtype.cfg 2018/01/14 v2.7a microtype main configuration file (RS)
))
("C:\Users\Padraig Lysandrou\AppData\Local\Programs\MiKTeX 2.9\tex\latex\geomet
ry\geometry.sty"
Package: geometry 2018/04/16 v5.8 Page Geometry

("C:\Users\Padraig Lysandrou\AppData\Local\Programs\MiKTeX 2.9\tex\generic\ober
diek\ifpdf.sty"
Package: ifpdf 2017/03/15 v3.2 Provides the ifpdf switch
)
("C:\Users\Padraig Lysandrou\AppData\Local\Programs\MiKTeX 2.9\tex\generic\ober
diek\ifvtex.sty"
Package: ifvtex 2016/05/16 v1.6 Detect VTeX and its facilities (HO)
Package ifvtex Info: VTeX not detected.
)
("C:\Users\Padraig Lysandrou\AppData\Local\Programs\MiKTeX 2.9\tex\generic\ifxe
tex\ifxetex.sty"
Package: ifxetex 2010/09/12 v0.6 Provides ifxetex conditional
)
\Gm@cnth=\count90
\Gm@cntv=\count91
\c@Gm@tempcnt=\count92
\Gm@bindingoffset=\dimen104
\Gm@wd@mp=\dimen105
\Gm@odd@mp=\dimen106
\Gm@even@mp=\dimen107
\Gm@layoutwidth=\dimen108
\Gm@layoutheight=\dimen109
\Gm@layouthoffset=\dimen110
\Gm@layoutvoffset=\dimen111
\Gm@dimlist=\toks18

("C:\Users\Padraig Lysandrou\AppData\Local\Programs\MiKTeX 2.9\tex\latex\geomet
ry\geometry.cfg"))
("C:\Users\Padraig Lysandrou\AppData\Local\Programs\MiKTeX 2.9\tex\latex\enumit
em\enumitem.sty"
Package: enumitem 2011/09/28 v3.5.2 Customized lists
\labelindent=\skip44
\enit@outerparindent=\dimen112
\enit@toks=\toks19
\enit@inbox=\box26
\enitdp@description=\count93
)
("C:\Users\Padraig Lysandrou\AppData\Local\Programs\MiKTeX 2.9\tex\latex\footmi
sc\footmisc.sty"
Package: footmisc 2011/06/06 v5.5b a miscellany of footnote facilities
\FN@temptoken=\toks20
\footnotemargin=\dimen113
\c@pp@next@reset=\count94
Package footmisc Info: Declaring symbol style bringhurst on input line 855.
Package footmisc Info: Declaring symbol style chicago on input line 863.
Package footmisc Info: Declaring symbol style wiley on input line 872.
Package footmisc Info: Declaring symbol style lamport-robust on input line 883.

Package footmisc Info: Declaring symbol style lamport* on input line 903.
Package footmisc Info: Declaring symbol style lamport*-robust on input line 924
.
)
("C:\Users\Padraig Lysandrou\AppData\Local\Programs\MiKTeX 2.9\tex\latex\setspa
ce\setspace.sty"
Package: setspace 2011/12/19 v6.7a set line spacing
)
("C:\Users\Padraig Lysandrou\AppData\Local\Programs\MiKTeX 2.9\tex\latex\abstra
ct\abstract.sty"
Package: abstract 2009/06/08 v1.2a configurable abstracts
\abstitleskip=\skip45
\absleftindent=\skip46
\absrightindent=\skip47
\absparindent=\skip48
\absparsep=\skip49
)
("C:\Users\Padraig Lysandrou\AppData\Local\Programs\MiKTeX 2.9\tex\latex\prepri
nt\authblk.sty"
Package: authblk 2001/02/27 1.3 (PWD)
\affilsep=\skip50
\@affilsep=\skip51
\c@Maxaffil=\count95
\c@authors=\count96
\c@affil=\count97
)
("C:\Users\Padraig Lysandrou\AppData\Local\Programs\MiKTeX 2.9\tex\latex\titles
ec\titlesec.sty"
Package: titlesec 2016/03/21 v2.10.2 Sectioning titles
\ttl@box=\box27
\beforetitleunit=\skip52
\aftertitleunit=\skip53
\ttl@plus=\dimen114
\ttl@minus=\dimen115
\ttl@toksa=\toks21
\titlewidth=\dimen116
\titlewidthlast=\dimen117
\titlewidthfirst=\dimen118
)
("C:\Users\Padraig Lysandrou\AppData\Local\Programs\MiKTeX 2.9\tex\latex\lettri
ne\lettrine.sty"
File: lettrine.sty 2018-08-28 v2.21 (Daniel Flipo)

("C:\Users\Padraig Lysandrou\AppData\Local\Programs\MiKTeX 2.9\tex\generic\mini
fp\minifp.sty"
Package: minifp 2013/12/30 v0.96. Macros for real number operations and a stack
-based programing language.
\MFP@loopctr=\count98
)
\c@DefaultLines=\count99
\c@DefaultDepth=\count100
\DefaultFindent=\dimen119
\DefaultNindent=\dimen120
\DefaultSlope=\dimen121
\DiscardVskip=\dimen122
\L@lbox=\box28
\L@tbox=\box29
\c@L@lines=\count101
\c@L@depth=\count102
\L@Pindent=\dimen123
\L@Findent=\dimen124
\L@Nindent=\dimen125
\L@lraise=\dimen126
\L@first=\dimen127
\L@next=\dimen128
\L@slope=\dimen129
\L@height=\dimen130
\L@novskip=\dimen131
\L@target@ht=\dimen132
\L@target@dp=\dimen133
\L@target@tht=\dimen134
\LettrineWidth=\dimen135
\LettrineHeight=\dimen136
\LettrineDepth=\dimen137

Loading lettrine.cfg

("C:\Users\Padraig Lysandrou\AppData\Local\Programs\MiKTeX 2.9\tex\latex\lettri
ne\lettrine.cfg"))
("C:\Users\Padraig Lysandrou\AppData\Local\Programs\MiKTeX 2.9\tex\latex\captio
n\caption.sty"
Package: caption 2018/05/01 v3.3-147 Customizing captions (AR)

("C:\Users\Padraig Lysandrou\AppData\Local\Programs\MiKTeX 2.9\tex\latex\captio
n\caption3.sty"
Package: caption3 2018/05/27 v1.8a caption3 kernel (AR)
Package caption3 Info: TeX engine: e-TeX on input line 64.
\captionmargin=\dimen138
\captionmargin@=\dimen139
\captionwidth=\dimen140
\caption@tempdima=\dimen141
\caption@indent=\dimen142
\caption@parindent=\dimen143
\caption@hangindent=\dimen144
)
\c@ContinuedFloat=\count103
)
("C:\Users\Padraig Lysandrou\AppData\Local\Programs\MiKTeX 2.9\tex\latex\quotin
g\quoting.sty"
Package: quoting 2014/01/28 v0.1c Consolidated environment for displayed text

("C:\Users\Padraig Lysandrou\AppData\Local\Programs\MiKTeX 2.9\tex\latex\etoolb
ox\etoolbox.sty"
Package: etoolbox 2018/08/19 v2.5f e-TeX tools for LaTeX (JAW)
\etb@tempcnta=\count104
)
("C:\Users\Padraig Lysandrou\AppData\Local\Programs\MiKTeX 2.9\tex\latex\oberdi
ek\kvoptions.sty"
Package: kvoptions 2016/05/16 v3.12 Key value format for package options (HO)

("C:\Users\Padraig Lysandrou\AppData\Local\Programs\MiKTeX 2.9\tex\generic\ober
diek\ltxcmds.sty"
Package: ltxcmds 2016/05/16 v1.23 LaTeX kernel commands for general use (HO)
)
("C:\Users\Padraig Lysandrou\AppData\Local\Programs\MiKTeX 2.9\tex\generic\ober
diek\kvsetkeys.sty"
Package: kvsetkeys 2016/05/16 v1.17 Key value parser (HO)

("C:\Users\Padraig Lysandrou\AppData\Local\Programs\MiKTeX 2.9\tex\generic\ober
diek\infwarerr.sty"
Package: infwarerr 2016/05/16 v1.4 Providing info/warning/error messages (HO)
)
("C:\Users\Padraig Lysandrou\AppData\Local\Programs\MiKTeX 2.9\tex\generic\ober
diek\etexcmds.sty"
Package: etexcmds 2016/05/16 v1.6 Avoid name clashes with e-TeX commands (HO)

("C:\Users\Padraig Lysandrou\AppData\Local\Programs\MiKTeX 2.9\tex\generic\ober
diek\ifluatex.sty"
Package: ifluatex 2016/05/16 v1.4 Provides the ifluatex switch (HO)
Package ifluatex Info: LuaTeX not detected.
)
Package etexcmds Info: Could not find \expanded.
(etexcmds)             That can mean that you are not using pdfTeX 1.50 or
(etexcmds)             that some package has redefined \expanded.
(etexcmds)             In the latter case, load this package earlier.
)))
\quo@toppartop=\skip54
)
("C:\Users\Padraig Lysandrou\AppData\Local\Programs\MiKTeX 2.9\tex\latex\natbib
\natbib.sty"
Package: natbib 2010/09/13 8.31b (PWD, AO)
\bibhang=\skip55
\bibsep=\skip56
LaTeX Info: Redefining \cite on input line 694.
\c@NAT@ctr=\count105
)
("C:\Users\Padraig Lysandrou\AppData\Local\Programs\MiKTeX 2.9\tex\latex\url\ur
l.sty"
\Urlmuskip=\muskip10
Package: url 2013/09/16  ver 3.4  Verb mode for urls, etc.
))
("C:\Users\Padraig Lysandrou\AppData\Local\Programs\MiKTeX 2.9\tex\latex\hyperr
ef\hyperref.sty"
Package: hyperref 2018/02/06 v6.86b Hypertext links for LaTeX

("C:\Users\Padraig Lysandrou\AppData\Local\Programs\MiKTeX 2.9\tex\generic\ober
diek\hobsub-hyperref.sty"
Package: hobsub-hyperref 2016/05/16 v1.14 Bundle oberdiek, subset hyperref (HO)


("C:\Users\Padraig Lysandrou\AppData\Local\Programs\MiKTeX 2.9\tex\generic\ober
diek\hobsub-generic.sty"
Package: hobsub-generic 2016/05/16 v1.14 Bundle oberdiek, subset generic (HO)
Package: hobsub 2016/05/16 v1.14 Construct package bundles (HO)
Package hobsub Info: Skipping package `infwarerr' (already loaded).
Package hobsub Info: Skipping package `ltxcmds' (already loaded).
Package hobsub Info: Skipping package `ifluatex' (already loaded).
Package hobsub Info: Skipping package `ifvtex' (already loaded).
Package: intcalc 2016/05/16 v1.2 Expandable calculations with integers (HO)
Package hobsub Info: Skipping package `ifpdf' (already loaded).
Package hobsub Info: Skipping package `etexcmds' (already loaded).
Package hobsub Info: Skipping package `kvsetkeys' (already loaded).
Package: kvdefinekeys 2016/05/16 v1.4 Define keys (HO)
Package: pdftexcmds 2018/01/30 v0.27 Utility functions of pdfTeX for LuaTeX (HO
)
Package pdftexcmds Info: LuaTeX not detected.
Package pdftexcmds Info: \pdf@primitive is available.
Package pdftexcmds Info: \pdf@ifprimitive is available.
Package pdftexcmds Info: \pdfdraftmode found.
Package: pdfescape 2016/05/16 v1.14 Implements pdfTeX's escape features (HO)
Package: bigintcalc 2016/05/16 v1.4 Expandable calculations on big integers (HO
)
Package: bitset 2016/05/16 v1.2 Handle bit-vector datatype (HO)
Package: uniquecounter 2016/05/16 v1.3 Provide unlimited unique counter (HO)
)
Package hobsub Info: Skipping package `hobsub' (already loaded).
Package: letltxmacro 2016/05/16 v1.5 Let assignment for LaTeX macros (HO)
Package: hopatch 2016/05/16 v1.3 Wrapper for package hooks (HO)
Package: xcolor-patch 2016/05/16 xcolor patch
Package: atveryend 2016/05/16 v1.9 Hooks at the very end of document (HO)
Package: atbegshi 2016/06/09 v1.18 At begin shipout hook (HO)
Package: refcount 2016/05/16 v3.5 Data extraction from label references (HO)
Package: hycolor 2016/05/16 v1.8 Color options for hyperref/bookmark (HO)
)
("C:\Users\Padraig Lysandrou\AppData\Local\Programs\MiKTeX 2.9\tex\latex\oberdi
ek\auxhook.sty"
Package: auxhook 2016/05/16 v1.4 Hooks for auxiliary files (HO)
)
\@linkdim=\dimen145
\Hy@linkcounter=\count106
\Hy@pagecounter=\count107

("C:\Users\Padraig Lysandrou\AppData\Local\Programs\MiKTeX 2.9\tex\latex\hyperr
ef\pd1enc.def"
File: pd1enc.def 2018/02/06 v6.86b Hyperref: PDFDocEncoding definition (HO)
Now handling font encoding PD1 ...
... no UTF-8 mapping file for font encoding PD1
)
\Hy@SavedSpaceFactor=\count108

("C:\Users\Padraig Lysandrou\AppData\Local\Programs\MiKTeX 2.9\tex\latex\00mikt
ex\hyperref.cfg"
File: hyperref.cfg 2002/06/06 v1.2 hyperref configuration of TeXLive
)
Package hyperref Info: Hyper figures OFF on input line 4509.
Package hyperref Info: Link nesting OFF on input line 4514.
Package hyperref Info: Hyper index ON on input line 4517.
Package hyperref Info: Plain pages OFF on input line 4524.
Package hyperref Info: Backreferencing OFF on input line 4529.
Package hyperref Info: Implicit mode ON; LaTeX internals redefined.
Package hyperref Info: Bookmarks ON on input line 4762.
\c@Hy@tempcnt=\count109
LaTeX Info: Redefining \url on input line 5115.
\XeTeXLinkMargin=\dimen146
\Fld@menulength=\count110
\Field@Width=\dimen147
\Fld@charsize=\dimen148
Package hyperref Info: Hyper figures OFF on input line 6369.
Package hyperref Info: Link nesting OFF on input line 6374.
Package hyperref Info: Hyper index ON on input line 6377.
Package hyperref Info: backreferencing OFF on input line 6384.
Package hyperref Info: Link coloring OFF on input line 6389.
Package hyperref Info: Link coloring with OCG OFF on input line 6394.
Package hyperref Info: PDF/A mode OFF on input line 6399.
LaTeX Info: Redefining \ref on input line 6439.
LaTeX Info: Redefining \pageref on input line 6443.
\Hy@abspage=\count111
\c@Item=\count112
\c@Hfootnote=\count113
)
Package hyperref Info: Driver (autodetected): hpdftex.

("C:\Users\Padraig Lysandrou\AppData\Local\Programs\MiKTeX 2.9\tex\latex\hyperr
ef\hpdftex.def"
File: hpdftex.def 2018/02/06 v6.86b Hyperref driver for pdfTeX
\Fld@listcount=\count114
\c@bookmark@seq@number=\count115

("C:\Users\Padraig Lysandrou\AppData\Local\Programs\MiKTeX 2.9\tex\latex\oberdi
ek\rerunfilecheck.sty"
Package: rerunfilecheck 2016/05/16 v1.8 Rerun checks for auxiliary files (HO)
Package uniquecounter Info: New unique counter `rerunfilecheck' on input line 2
82.
)
\Hy@SectionHShift=\skip57
)
("C:\Users\Padraig Lysandrou\AppData\Local\Programs\MiKTeX 2.9\tex\latex\graphi
cs\graphicx.sty"
Package: graphicx 2017/06/01 v1.1a Enhanced LaTeX Graphics (DPC,SPQR)

("C:\Users\Padraig Lysandrou\AppData\Local\Programs\MiKTeX 2.9\tex\latex\graphi
cs\graphics.sty"
Package: graphics 2017/06/25 v1.2c Standard LaTeX Graphics (DPC,SPQR)

("C:\Users\Padraig Lysandrou\AppData\Local\Programs\MiKTeX 2.9\tex\latex\graphi
cs\trig.sty"
Package: trig 2016/01/03 v1.10 sin cos tan (DPC)
)
("C:\Users\Padraig Lysandrou\AppData\Local\Programs\MiKTeX 2.9\tex\latex\graphi
cs-cfg\graphics.cfg"
File: graphics.cfg 2016/06/04 v1.11 sample graphics configuration
)
Package graphics Info: Driver file: pdftex.def on input line 99.

("C:\Users\Padraig Lysandrou\AppData\Local\Programs\MiKTeX 2.9\tex\latex\graphi
cs-def\pdftex.def"
File: pdftex.def 2018/01/08 v1.0l Graphics/color driver for pdftex
))
\Gin@req@height=\dimen149
\Gin@req@width=\dimen150
)
("C:\Users\Padraig Lysandrou\AppData\Local\Programs\MiKTeX 2.9\tex\latex\amsmat
h\amsmath.sty"
Package: amsmath 2017/09/02 v2.17a AMS math features
\@mathmargin=\skip58

For additional information on amsmath, use the `?' option.

("C:\Users\Padraig Lysandrou\AppData\Local\Programs\MiKTeX 2.9\tex\latex\amsmat
h\amstext.sty"
Package: amstext 2000/06/29 v2.01 AMS text

("C:\Users\Padraig Lysandrou\AppData\Local\Programs\MiKTeX 2.9\tex\latex\amsmat
h\amsgen.sty"
File: amsgen.sty 1999/11/30 v2.0 generic functions
\@emptytoks=\toks22
\ex@=\dimen151
))
("C:\Users\Padraig Lysandrou\AppData\Local\Programs\MiKTeX 2.9\tex\latex\amsmat
h\amsbsy.sty"
Package: amsbsy 1999/11/29 v1.2d Bold Symbols
\pmbraise@=\dimen152
)
("C:\Users\Padraig Lysandrou\AppData\Local\Programs\MiKTeX 2.9\tex\latex\amsmat
h\amsopn.sty"
Package: amsopn 2016/03/08 v2.02 operator names
)
\inf@bad=\count116
LaTeX Info: Redefining \frac on input line 213.
\uproot@=\count117
\leftroot@=\count118
LaTeX Info: Redefining \overline on input line 375.
\classnum@=\count119
\DOTSCASE@=\count120
LaTeX Info: Redefining \ldots on input line 472.
LaTeX Info: Redefining \dots on input line 475.
LaTeX Info: Redefining \cdots on input line 596.
\Mathstrutbox@=\box30
\strutbox@=\box31
\big@size=\dimen153
LaTeX Font Info:    Redeclaring font encoding OML on input line 712.
LaTeX Font Info:    Redeclaring font encoding OMS on input line 713.
\macc@depth=\count121
\c@MaxMatrixCols=\count122
\dotsspace@=\muskip11
\c@parentequation=\count123
\dspbrk@lvl=\count124
\tag@help=\toks23
\row@=\count125
\column@=\count126
\maxfields@=\count127
\andhelp@=\toks24
\eqnshift@=\dimen154
\alignsep@=\dimen155
\tagshift@=\dimen156
\tagwidth@=\dimen157
\totwidth@=\dimen158
\lineht@=\dimen159
\@envbody=\toks25
\multlinegap=\skip59
\multlinetaggap=\skip60
\mathdisplay@stack=\toks26
LaTeX Info: Redefining \[ on input line 2817.
LaTeX Info: Redefining \] on input line 2818.
)
("C:\Users\Padraig Lysandrou\AppData\Local\Programs\MiKTeX 2.9\tex\latex\captio
n\subcaption.sty"
Package: subcaption 2018/05/01 v1.1-162 Sub-captions (AR)
\c@subfigure=\count128
\c@subtable=\count129
)
("C:\Users\Padraig Lysandrou\AppData\Local\Programs\MiKTeX 2.9\tex\latex\sideca
p\sidecap.sty"
Package: sidecap 2003/06/06 v1.6f SideCap Package (RN/HjG)

("C:\Users\Padraig Lysandrou\AppData\Local\Programs\MiKTeX 2.9\tex\latex\base\i
fthen.sty"
Package: ifthen 2014/09/29 v1.1c Standard LaTeX ifthen package (DPC)
)
\SC@BOXWD=\dimen160
\SC@CAPWD=\dimen161
\SC@tempdima=\dimen162
\SC@tempdimb=\dimen163
\c@SC@C=\count130
\SC@BOX=\box32
)
("C:\Users\Padraig Lysandrou\AppData\Local\Programs\MiKTeX 2.9\tex\latex\mathto
ols\mathtools.sty"
Package: mathtools 2018/01/08 v1.21 mathematical typesetting tools

("C:\Users\Padraig Lysandrou\AppData\Local\Programs\MiKTeX 2.9\tex\latex\tools\
calc.sty"
Package: calc 2017/05/25 v4.3 Infix arithmetic (KKT,FJ)
\calc@Acount=\count131
\calc@Bcount=\count132
\calc@Adimen=\dimen164
\calc@Bdimen=\dimen165
\calc@Askip=\skip61
\calc@Bskip=\skip62
LaTeX Info: Redefining \setlength on input line 80.
LaTeX Info: Redefining \addtolength on input line 81.
\calc@Ccount=\count133
\calc@Cskip=\skip63
)
("C:\Users\Padraig Lysandrou\AppData\Local\Programs\MiKTeX 2.9\tex\latex\mathto
ols\mhsetup.sty"
Package: mhsetup 2017/03/31 v1.3 programming setup (MH)
)
LaTeX Info: Thecontrolsequence`\('isalreadyrobust on input line 129.
LaTeX Info: Thecontrolsequence`\)'isalreadyrobust on input line 129.
LaTeX Info: Thecontrolsequence`\['isalreadyrobust on input line 129.
LaTeX Info: Thecontrolsequence`\]'isalreadyrobust on input line 129.
\g_MT_multlinerow_int=\count134
\l_MT_multwidth_dim=\dimen166
\origjot=\skip64
\l_MT_shortvdotswithinadjustabove_dim=\dimen167
\l_MT_shortvdotswithinadjustbelow_dim=\dimen168
\l_MT_above_intertext_sep=\dimen169
\l_MT_below_intertext_sep=\dimen170
\l_MT_above_shortintertext_sep=\dimen171
\l_MT_below_shortintertext_sep=\dimen172
)
("C:\Users\Padraig Lysandrou\AppData\Local\Programs\MiKTeX 2.9\tex\latex\commat
h\commath.sty")
("C:\Users\Padraig Lysandrou\AppData\Local\Programs\MiKTeX 2.9\tex\latex\listin
gs\listings.sty"
\lst@mode=\count135
\lst@gtempboxa=\box33
\lst@token=\toks27
\lst@length=\count136
\lst@currlwidth=\dimen173
\lst@column=\count137
\lst@pos=\count138
\lst@lostspace=\dimen174
\lst@width=\dimen175
\lst@newlines=\count139
\lst@lineno=\count140
\lst@maxwidth=\dimen176

("C:\Users\Padraig Lysandrou\AppData\Local\Programs\MiKTeX 2.9\tex\latex\listin
gs\lstmisc.sty"
File: lstmisc.sty 2018/09/02 1.7 (Carsten Heinz)
\c@lstnumber=\count141
\lst@skipnumbers=\count142
\lst@framebox=\box34
)
("C:\Users\Padraig Lysandrou\AppData\Local\Programs\MiKTeX 2.9\tex\latex\listin
gs\listings.cfg"
File: listings.cfg 2018/09/02 1.7 listings configuration
))
Package: listings 2018/09/02 1.7 (Carsten Heinz)

("C:\Users\Padraig Lysandrou\AppData\Local\Programs\MiKTeX 2.9\tex\latex\mhchem
\mhchem.sty"
Package: mhchem 2018/06/22 v4.08 for typesetting chemical formulae

("C:\Users\Padraig Lysandrou\AppData\Local\Programs\MiKTeX 2.9\tex\latex\l3kern
el\expl3.sty"
Package: expl3 2018-08-23 L3 programming layer (loader) 

("C:\Users\Padraig Lysandrou\AppData\Local\Programs\MiKTeX 2.9\tex\latex\l3kern
el\expl3-code.tex"
Package: expl3 2018-08-23 L3 programming layer (code)
\c_max_int=\count143
\l_tmpa_int=\count144
\l_tmpb_int=\count145
\g_tmpa_int=\count146
\g_tmpb_int=\count147
\g__kernel_prg_map_int=\count148
\c_log_iow=\count149
\l_iow_line_count_int=\count150
\l__iow_line_target_int=\count151
\l__iow_one_indent_int=\count152
\l__iow_indent_int=\count153
\c_zero_dim=\dimen177
\c_max_dim=\dimen178
\l_tmpa_dim=\dimen179
\l_tmpb_dim=\dimen180
\g_tmpa_dim=\dimen181
\g_tmpb_dim=\dimen182
\c_zero_skip=\skip65
\c_max_skip=\skip66
\l_tmpa_skip=\skip67
\l_tmpb_skip=\skip68
\g_tmpa_skip=\skip69
\g_tmpb_skip=\skip70
\c_zero_muskip=\muskip12
\c_max_muskip=\muskip13
\l_tmpa_muskip=\muskip14
\l_tmpb_muskip=\muskip15
\g_tmpa_muskip=\muskip16
\g_tmpb_muskip=\muskip17
\l_keys_choice_int=\count154
\l__intarray_loop_int=\count155
\c__intarray_sp_dim=\dimen183
\g__intarray_font_int=\count156
\c__fp_leading_shift_int=\count157
\c__fp_middle_shift_int=\count158
\c__fp_trailing_shift_int=\count159
\c__fp_big_leading_shift_int=\count160
\c__fp_big_middle_shift_int=\count161
\c__fp_big_trailing_shift_int=\count162
\c__fp_Bigg_leading_shift_int=\count163
\c__fp_Bigg_middle_shift_int=\count164
\c__fp_Bigg_trailing_shift_int=\count165
\c__kernel_randint_max_int=\count166
\g__fp_array_int=\count167
\l__fp_array_loop_int=\count168
\l__sort_length_int=\count169
\l__sort_min_int=\count170
\l__sort_top_int=\count171
\l__sort_max_int=\count172
\l__sort_true_max_int=\count173
\l__sort_block_int=\count174
\l__sort_begin_int=\count175
\l__sort_end_int=\count176
\l__sort_A_int=\count177
\l__sort_B_int=\count178
\l__sort_C_int=\count179
\l__tl_analysis_normal_int=\count180
\l__tl_analysis_index_int=\count181
\l__tl_analysis_nesting_int=\count182
\l__tl_analysis_type_int=\count183
\l__regex_internal_a_int=\count184
\l__regex_internal_b_int=\count185
\l__regex_internal_c_int=\count186
\l__regex_balance_int=\count187
\l__regex_group_level_int=\count188
\l__regex_mode_int=\count189
\c__regex_cs_in_class_mode_int=\count190
\c__regex_cs_mode_int=\count191
\l__regex_catcodes_int=\count192
\l__regex_default_catcodes_int=\count193
\c__regex_catcode_D_int=\count194
\c__regex_catcode_S_int=\count195
\c__regex_catcode_L_int=\count196
\c__regex_catcode_O_int=\count197
\c__regex_catcode_A_int=\count198
\c__regex_all_catcodes_int=\count199
\l__regex_show_lines_int=\count266
\l__regex_min_state_int=\count267
\l__regex_max_state_int=\count268
\l__regex_left_state_int=\count269
\l__regex_right_state_int=\count270
\l__regex_capturing_group_int=\count271
\l__regex_min_pos_int=\count272
\l__regex_max_pos_int=\count273
\l__regex_curr_pos_int=\count274
\l__regex_start_pos_int=\count275
\l__regex_success_pos_int=\count276
\l__regex_curr_char_int=\count277
\l__regex_curr_catcode_int=\count278
\l__regex_last_char_int=\count279
\l__regex_case_changed_char_int=\count280
\l__regex_curr_state_int=\count281
\l__regex_step_int=\count282
\l__regex_min_active_int=\count283
\l__regex_max_active_int=\count284
\l__regex_replacement_csnames_int=\count285
\l__regex_match_count_int=\count286
\l__regex_min_submatch_int=\count287
\l__regex_submatch_int=\count288
\l__regex_zeroth_submatch_int=\count289
\g__regex_trace_regex_int=\count290
\c_empty_box=\box35
\l_tmpa_box=\box36
\l_tmpb_box=\box37
\g_tmpa_box=\box38
\g_tmpb_box=\box39
\l__box_top_dim=\dimen184
\l__box_bottom_dim=\dimen185
\l__box_left_dim=\dimen186
\l__box_right_dim=\dimen187
\l__box_top_new_dim=\dimen188
\l__box_bottom_new_dim=\dimen189
\l__box_left_new_dim=\dimen190
\l__box_right_new_dim=\dimen191
\l__box_internal_box=\box40
\l__coffin_internal_box=\box41
\l__coffin_internal_dim=\dimen192
\l__coffin_offset_x_dim=\dimen193
\l__coffin_offset_y_dim=\dimen194
\l__coffin_x_dim=\dimen195
\l__coffin_y_dim=\dimen196
\l__coffin_x_prime_dim=\dimen197
\l__coffin_y_prime_dim=\dimen198
\c_empty_coffin=\box42
\l__coffin_aligned_coffin=\box43
\l__coffin_aligned_internal_coffin=\box44
\l_tmpa_coffin=\box45
\l_tmpb_coffin=\box46
\l__coffin_display_coffin=\box47
\l__coffin_display_coord_coffin=\box48
\l__coffin_display_pole_coffin=\box49
\l__coffin_display_offset_dim=\dimen199
\l__coffin_display_x_dim=\dimen256
\l__coffin_display_y_dim=\dimen257
\g__file_internal_ior=\read1
\l__coffin_bounding_shift_dim=\dimen258
\l__coffin_left_corner_dim=\dimen259
\l__coffin_right_corner_dim=\dimen260
\l__coffin_bottom_corner_dim=\dimen261
\l__coffin_top_corner_dim=\dimen262
\l__coffin_scaled_total_height_dim=\dimen263
\l__coffin_scaled_width_dim=\dimen264
\l__seq_internal_a_int=\count291
\l__seq_internal_b_int=\count292
)
("C:\Users\Padraig Lysandrou\AppData\Local\Programs\MiKTeX 2.9\tex\latex\l3kern
el\l3pdfmode.def"
File: l3pdfmode.def 2018-08-23 v L3 Experimental driver: PDF mode
\l__driver_color_stack_int=\count293
))
("C:\Users\Padraig Lysandrou\AppData\Local\Programs\MiKTeX 2.9\tex\latex\l3pack
ages\l3keys2e\l3keys2e.sty"
Package: l3keys2e 2018-08-23 LaTeX2e option processing using LaTeX3 keys
)
("C:\Users\Padraig Lysandrou\AppData\Local\Programs\MiKTeX 2.9\tex\latex\chemgr
eek\chemgreek.sty"
("C:\Users\Padraig Lysandrou\AppData\Local\Programs\MiKTeX 2.9\tex\latex\l3pack
ages\xparse\xparse.sty"
Package: xparse 2018-08-23 L3 Experimental document command parser
\l__xparse_current_arg_int=\count294
\g__xparse_grabber_int=\count295
\l__xparse_m_args_int=\count296
\l__xparse_mandatory_args_int=\count297
\l__xparse_v_nesting_int=\count298
)
Package: chemgreek 2016/12/20 v1.1 interfaceforuprightgreeklettersforuseinchemi
stry (CN)
\l__chemgreek_tmpa_int=\count299
\g__chemgreek_tmpa_int=\count300
.................................................
. LaTeX info: "xparse/define-command"
. 
. Defining command \newchemgreekmapping with sig. 'O{}mm' on line 336.
.................................................
.................................................
. LaTeX info: "xparse/define-command"
. 
. Defining command \renewchemgreekmapping with sig. 'O{}mm' on line 339.
.................................................
.................................................
. LaTeX info: "xparse/define-command"
. 
. Defining command \declarechemgreekmapping with sig. 'O{}mm' on line 342.
.................................................
.................................................
. LaTeX info: "xparse/define-command"
. 
. Defining command \newchemgreekmappingalias with sig. 'mm' on line 347.
.................................................
.................................................
. LaTeX info: "xparse/define-command"
. 
. Defining command \renewchemgreekmappingalias with sig. 'mm' on line 350.
.................................................
.................................................
. LaTeX info: "xparse/define-command"
. 
. Defining command \declarechemgreekmappingalias with sig. 'mm' on line 353.
.................................................
.................................................
. LaTeX info: "xparse/define-command"
. 
. Defining command \changechemgreeksymbol with sig. 'mmmm' on line 383.
.................................................
.................................................
. LaTeX info: "xparse/define-command"
. 
. Defining command \chemgreekmappingsymbol with sig. 'mm' on line 477.
.................................................
.................................................
. LaTeX info: "xparse/define-command"
. 
. Defining command \activatechemgreekmapping with sig. 'sm' on line 486.
.................................................
.................................................
. LaTeX info: "xparse/define-command"
. 
. Defining command \selectchemgreekmapping with sig. 'm' on line 491.
.................................................
)
\l__mhchem_ce_distanceFromLastComma_int=\count301
\__mhchem_arrow_extPgfLength_skip=\skip71
\mhchem@minispace@tmp=\skip72
\mhchem@minibackspace@tmp=\skip73
\mhchem@bondwidth=\skip74
\mhchem@bondheight=\skip75
\mhchem@smallbondwidth@tmpA=\skip76
\mhchem@smallbondwidth@tmpB=\skip77
\mhchem@smallbondwidth=\skip78
\mhchem@bondtmp@minussidebearingleft=\skip79
\mhchem@bondtmp@minussidebearingright=\skip80
\l__mhchem_option_version_int=\count302
\mhchem@option@minusmathsidebearingleft=\dimen265
\mhchem@option@minusmathsidebearingright=\dimen266
\mhchem@option@minustextsidebearingleft=\dimen267
\mhchem@option@minustextsidebearingright=\dimen268
)
("C:\Users\Padraig Lysandrou\AppData\Local\Programs\MiKTeX 2.9\tex\latex\siunit
x\siunitx.sty"
Package: siunitx 2018/05/17 v2.7s A comprehensive (SI) units package

("C:\Users\Padraig Lysandrou\AppData\Local\Programs\MiKTeX 2.9\tex\latex\tools\
array.sty"
Package: array 2018/04/30 v2.4h Tabular extension package (FMi)
\col@sep=\dimen269
\ar@mcellbox=\box50
\extrarowheight=\dimen270
\NC@list=\toks28
\extratabsurround=\skip81
\backup@length=\skip82
\ar@cellbox=\box51
)
\l__siunitx_tmp_box=\box52
\l__siunitx_tmp_dim=\dimen271
\l__siunitx_tmp_int=\count303
\l__siunitx_number_mantissa_length_int=\count304
\l__siunitx_number_uncert_length_int=\count305
\l__siunitx_round_int=\count306
\l__siunitx_process_decimal_int=\count307
\l__siunitx_process_uncertainty_int=\count308
\l__siunitx_process_fixed_int=\count309
\l__siunitx_process_integer_min_int=\count310
\l__siunitx_process_precision_int=\count311
\l__siunitx_group_min_int=\count312
\l__siunitx_angle_marker_box=\box53
\l__siunitx_angle_unit_box=\box54
\l__siunitx_angle_marker_dim=\dimen272
\l__siunitx_angle_unit_dim=\dimen273
\l__siunitx_unit_int=\count313
\l__siunitx_unit_denominator_int=\count314
\l__siunitx_unit_numerator_int=\count315
\l__siunitx_unit_prefix_int=\count316
\l__siunitx_unit_prefix_base_int=\count317
\l__siunitx_unit_prefix_gram_int=\count318
\l__siunitx_number_product_int=\count319
\c__siunitx_one_fill_skip=\skip83
\l__siunitx_table_unit_align_skip=\skip84
\l__siunitx_table_exponent_dim=\dimen274
\l__siunitx_table_integer_dim=\dimen275
\l__siunitx_table_mantissa_dim=\dimen276
\l__siunitx_table_marker_dim=\dimen277
\l__siunitx_table_result_dim=\dimen278
\l__siunitx_table_uncert_dim=\dimen279
\l__siunitx_table_fill_pre_dim=\dimen280
\l__siunitx_table_fill_post_dim=\dimen281
\l__siunitx_table_fill_mid_dim=\dimen282
\l__siunitx_table_pre_box=\box55
\l__siunitx_table_post_box=\box56
\l__siunitx_table_mantissa_box=\box57
\l__siunitx_table_result_box=\box58
\l__siunitx_table_number_align_skip=\skip85
\l__siunitx_table_text_align_skip=\skip86
.................................................
. LaTeX info: "xparse/define-command"
. 
. Defining command \DeclareBinaryPrefix with sig. 'mmm' on line 7237.
.................................................
.................................................
. LaTeX info: "xparse/define-command"
. 
. Defining command \DeclareSIPostPower with sig. 'mm' on line 7240.
.................................................
.................................................
. LaTeX info: "xparse/define-command"
. 
. Defining command \DeclareSIPrefix with sig. 'mmm' on line 7243.
.................................................
.................................................
. LaTeX info: "xparse/define-command"
. 
. Defining command \DeclareSIPrePower with sig. 'mm' on line 7246.
.................................................
.................................................
. LaTeX info: "xparse/define-command"
. 
. Defining command \DeclareSIQualifier with sig. 'mm' on line 7249.
.................................................
.................................................
. LaTeX info: "xparse/define-command"
. 
. Defining command \DeclareSIUnit with sig. 'O{}mm' on line 7252.
.................................................
.................................................
. LaTeX info: "xparse/define-command"
. 
. Defining command \DeclareSIUnitWithOptions with sig. 'mmm' on line 7255.
.................................................
.................................................
. LaTeX info: "xparse/define-command"
. 
. Defining command \ang with sig. 'o>{\SplitArgument {2}{;}}m' on line 7270.
.................................................
.................................................
. LaTeX info: "xparse/define-command"
. 
. Defining command \num with sig. 'om' on line 7279.
.................................................
.................................................
. LaTeX info: "xparse/define-command"
. 
. Defining command \numlist with sig. 'o>{\SplitList {;}}m' on line 7288.
.................................................
.................................................
. LaTeX info: "xparse/define-command"
. 
. Defining command \numrange with sig. 'omm' on line 7297.
.................................................
.................................................
. LaTeX info: "xparse/define-command"
. 
. Defining command \SIlist with sig. 'o>{\SplitList {;}}mm' on line 7309.
.................................................
.................................................
. LaTeX info: "xparse/define-command"
. 
. Defining command \SIrange with sig. 'ommm' on line 7321.
.................................................
.................................................
. LaTeX info: "xparse/define-command"
. 
. Defining command \SI with sig. 'omom' on line 7333.
.................................................
.................................................
. LaTeX info: "xparse/define-command"
. 
. Defining command \sisetup with sig. 'm' on line 7336.
.................................................
.................................................
. LaTeX info: "xparse/define-command"
. 
. Defining command \tablenum with sig. 'om' on line 7351.
.................................................
.................................................
. LaTeX info: "xparse/define-command"
. 
. Defining command \si with sig. 'om' on line 7363.
.................................................
.................................................
. LaTeX info: "xparse/define-command"
. 
. Defining command \numInBookmark with sig. 'om' on line 7410.
.................................................
.................................................
. LaTeX info: "xparse/define-command"
. 
. Defining command \numrangeInBookmark with sig. 'omm' on line 7412.
.................................................
.................................................
. LaTeX info: "xparse/define-command"
. 
. Defining command \SIInBookmark with sig. 'omom' on line 7414.
.................................................
.................................................
. LaTeX info: "xparse/define-command"
. 
. Defining command \SIlistInBookmark with sig. 'omm' on line 7416.
.................................................
.................................................
. LaTeX info: "xparse/define-command"
. 
. Defining command \SIrangeInBookmark with sig. 'ommm' on line 7418.
.................................................
.................................................
. LaTeX info: "xparse/define-command"
. 
. Defining command \siInBookmark with sig. 'om' on line 7419.
.................................................

("C:\Users\Padraig Lysandrou\AppData\Local\Programs\MiKTeX 2.9\tex\latex\transl
ator\translator.sty"
Package: translator 2018/01/04 v1.12 Easy translation of strings in LaTeX
))
("C:\Users\Padraig Lysandrou\AppData\Local\Programs\MiKTeX 2.9\tex\latex\algori
thms\algorithm.sty"
Package: algorithm 2009/08/24 v0.1 Document Style `algorithm' - floating enviro
nment

("C:\Users\Padraig Lysandrou\AppData\Local\Programs\MiKTeX 2.9\tex\latex\float\
float.sty"
Package: float 2001/11/08 v1.3d Float enhancements (AL)
\c@float@type=\count320
\float@exts=\toks29
\float@box=\box59
\@float@everytoks=\toks30
\@floatcapt=\box60
)
\@float@every@algorithm=\toks31
\c@algorithm=\count321
)
("C:\Users\Padraig Lysandrou\AppData\Local\Programs\MiKTeX 2.9\tex\latex\mdfram
ed\mdframed.sty"
Package: mdframed 2013/07/01 1.9b: mdframed

("C:\Users\Padraig Lysandrou\AppData\Local\Programs\MiKTeX 2.9\tex\latex\oberdi
ek\zref-abspage.sty"
Package: zref-abspage 2016/05/21 v2.26 Module abspage for zref (HO)

("C:\Users\Padraig Lysandrou\AppData\Local\Programs\MiKTeX 2.9\tex\latex\oberdi
ek\zref-base.sty"
Package: zref-base 2016/05/21 v2.26 Module base for zref (HO)
Package zref Info: New property list: main on input line 759.
Package zref Info: New property: default on input line 760.
Package zref Info: New property: page on input line 761.
)
\c@abspage=\count322
Package zref Info: New property: abspage on input line 62.
)
("C:\Users\Padraig Lysandrou\AppData\Local\Programs\MiKTeX 2.9\tex\latex\needsp
ace\needspace.sty"
Package: needspace 2010/09/12 v1.3d reserve vertical space
)
("C:\Users\Padraig Lysandrou\AppData\Local\Programs\MiKTeX 2.9\tex\latex\graphi
cs\color.sty"
Package: color 2016/07/10 v1.1e Standard LaTeX Color (DPC)

("C:\Users\Padraig Lysandrou\AppData\Local\Programs\MiKTeX 2.9\tex\latex\graphi
cs-cfg\color.cfg"
File: color.cfg 2016/01/02 v1.6 sample color configuration
)
Package color Info: Driver file: pdftex.def on input line 147.
)
\mdf@templength=\skip87
\c@mdf@globalstyle@cnt=\count323
\mdf@skipabove@length=\skip88
\mdf@skipbelow@length=\skip89
\mdf@leftmargin@length=\skip90
\mdf@rightmargin@length=\skip91
\mdf@innerleftmargin@length=\skip92
\mdf@innerrightmargin@length=\skip93
\mdf@innertopmargin@length=\skip94
\mdf@innerbottommargin@length=\skip95
\mdf@splittopskip@length=\skip96
\mdf@splitbottomskip@length=\skip97
\mdf@outermargin@length=\skip98
\mdf@innermargin@length=\skip99
\mdf@linewidth@length=\skip100
\mdf@innerlinewidth@length=\skip101
\mdf@middlelinewidth@length=\skip102
\mdf@outerlinewidth@length=\skip103
\mdf@roundcorner@length=\skip104
\mdf@footenotedistance@length=\skip105
\mdf@userdefinedwidth@length=\skip106
\mdf@needspace@length=\skip107
\mdf@frametitleaboveskip@length=\skip108
\mdf@frametitlebelowskip@length=\skip109
\mdf@frametitlerulewidth@length=\skip110
\mdf@frametitleleftmargin@length=\skip111
\mdf@frametitlerightmargin@length=\skip112
\mdf@shadowsize@length=\skip113
\mdf@extratopheight@length=\skip114
\mdf@subtitleabovelinewidth@length=\skip115
\mdf@subtitlebelowlinewidth@length=\skip116
\mdf@subtitleaboveskip@length=\skip117
\mdf@subtitlebelowskip@length=\skip118
\mdf@subtitleinneraboveskip@length=\skip119
\mdf@subtitleinnerbelowskip@length=\skip120
\mdf@subsubtitleabovelinewidth@length=\skip121
\mdf@subsubtitlebelowlinewidth@length=\skip122
\mdf@subsubtitleaboveskip@length=\skip123
\mdf@subsubtitlebelowskip@length=\skip124
\mdf@subsubtitleinneraboveskip@length=\skip125
\mdf@subsubtitleinnerbelowskip@length=\skip126

("C:\Users\Padraig Lysandrou\AppData\Local\Programs\MiKTeX 2.9\tex\latex\mdfram
ed\md-frame-0.mdf"
File: md-frame-0.mdf 2013/07/01\ 1.9b: md-frame-0
)
\mdf@frametitlebox=\box61
\mdf@footnotebox=\box62
\mdf@splitbox@one=\box63
\mdf@splitbox@two=\box64
\mdf@splitbox@save=\box65
\mdfsplitboxwidth=\skip127
\mdfsplitboxtotalwidth=\skip128
\mdfsplitboxheight=\skip129
\mdfsplitboxdepth=\skip130
\mdfsplitboxtotalheight=\skip131
\mdfframetitleboxwidth=\skip132
\mdfframetitleboxtotalwidth=\skip133
\mdfframetitleboxheight=\skip134
\mdfframetitleboxdepth=\skip135
\mdfframetitleboxtotalheight=\skip136
\mdffootnoteboxwidth=\skip137
\mdffootnoteboxtotalwidth=\skip138
\mdffootnoteboxheight=\skip139
\mdffootnoteboxdepth=\skip140
\mdffootnoteboxtotalheight=\skip141
\mdftotallinewidth=\skip142
\mdfboundingboxwidth=\skip143
\mdfboundingboxtotalwidth=\skip144
\mdfboundingboxheight=\skip145
\mdfboundingboxdepth=\skip146
\mdfboundingboxtotalheight=\skip147
\mdf@freevspace@length=\skip148
\mdf@horizontalwidthofbox@length=\skip149
\mdf@verticalmarginwhole@length=\skip150
\mdf@horizontalspaceofbox=\skip151
\mdfsubtitleheight=\skip152
\mdfsubsubtitleheight=\skip153
\c@mdfcountframes=\count324

****** mdframed patching \endmdf@trivlist

****** -- success******

.................................................
. LaTeX info: "xparse/define-command"
. 
. Defining command \newmdtheoremenv with sig. 'O{} m o m o ' on line 601.
.................................................
.................................................
. LaTeX info: "xparse/define-command"
. 
. Defining command \mdtheorem with sig. ' O{} m o m o ' on line 701.
.................................................
\mdf@envdepth=\count325
\c@mdf@env@i=\count326
\c@mdf@env@ii=\count327
\c@mdf@zref@counter=\count328
Package zref Info: New property: mdf@pagevalue on input line 895.
)
("C:\Users\Padraig Lysandrou\AppData\Local\Programs\MiKTeX 2.9\tex\latex\algori
thmicx\algpseudocode.sty"
Package: algpseudocode 

("C:\Users\Padraig Lysandrou\AppData\Local\Programs\MiKTeX 2.9\tex\latex\algori
thmicx\algorithmicx.sty"
Package: algorithmicx 2005/04/27 v1.2 Algorithmicx

Document Style algorithmicx 1.2 - a greatly improved `algorithmic' style
\c@ALG@line=\count329
\c@ALG@rem=\count330
\c@ALG@nested=\count331
\ALG@tlm=\skip154
\ALG@thistlm=\skip155
\c@ALG@Lnr=\count332
\c@ALG@blocknr=\count333
\c@ALG@storecount=\count334
\c@ALG@tmpcounter=\count335
\ALG@tmplength=\skip156
)
Document Style - pseudocode environments for use with the `algorithmicx' style
)
("C:\Users\Padraig Lysandrou\AppData\Local\Programs\MiKTeX 2.9\tex\latex\tools\
longtable.sty"
Package: longtable 2014/10/28 v4.11 Multi-page Table package (DPC)
\LTleft=\skip157
\LTright=\skip158
\LTpre=\skip159
\LTpost=\skip160
\LTchunksize=\count336
\LTcapwidth=\dimen283
\LT@head=\box66
\LT@firsthead=\box67
\LT@foot=\box68
\LT@lastfoot=\box69
\LT@cols=\count337
\LT@rows=\count338
\c@LT@tables=\count339
\c@LT@chunks=\count340
\LT@p@ftn=\toks32
)
("C:\Users\Padraig Lysandrou\AppData\Local\Programs\MiKTeX 2.9\tex\latex\tools\
tabularx.sty"
Package: tabularx 2016/02/03 v2.11b `tabularx' package (DPC)
\TX@col@width=\dimen284
\TX@old@table=\dimen285
\TX@old@col=\dimen286
\TX@target=\dimen287
\TX@delta=\dimen288
\TX@cols=\count341
\TX@ftn=\toks33
)
("C:\Users\Padraig Lysandrou\AppData\Local\Programs\MiKTeX 2.9\tex\latex\amsfon
ts\amsfonts.sty"
Package: amsfonts 2013/01/14 v3.01 Basic AMSFonts support
\symAMSa=\mathgroup4
\symAMSb=\mathgroup5
LaTeX Font Info:    Overwriting math alphabet `\mathfrak' in version `bold'
(Font)                  U/euf/m/n --> U/euf/b/n on input line 106.
)
("C:\Users\Padraig Lysandrou\AppData\Local\Programs\MiKTeX 2.9\tex\latex\tools\
bm.sty"
Package: bm 2017/01/16 v1.2c Bold Symbol Support (DPC/FMi)
\symboldoperators=\mathgroup6
\symboldletters=\mathgroup7
\symboldsymbols=\mathgroup8
LaTeX Font Info:    Redeclaring math alphabet \mathbf on input line 141.
LaTeX Info: Redefining \bm on input line 207.
)
("C:\Users\Padraig Lysandrou\AppData\Local\Programs\MiKTeX 2.9\tex\latex\amsfon
ts\amssymb.sty"
Package: amssymb 2013/01/14 v3.01 AMS font symbols
) (mcode.sty
-- Package: `mcode' 2.5 <2014/03/06> --
Package: mcode 2014/03/06 2.5
 - settings optimized for display (colour formating)
 - line numbering enabled
 - literate programming (character replacements) enabled
 - automatic line breaking enabled (careful, buggy!)
 - framed listings

("C:\Users\Padraig Lysandrou\AppData\Local\Programs\MiKTeX 2.9\tex\latex\base\t
extcomp.sty"
Package: textcomp 2017/04/05 v2.0i Standard LaTeX package
Package textcomp Info: Sub-encoding information:
(textcomp)               5 = only ISO-Adobe without \textcurrency
(textcomp)               4 = 5 + \texteuro
(textcomp)               3 = 4 + \textohm
(textcomp)               2 = 3 + \textestimated + \textcurrency
(textcomp)               1 = TS1 - \textcircled - \t
(textcomp)               0 = TS1 (full)
(textcomp)             Font families with sub-encoding setting implement
(textcomp)             only a restricted character set as indicated.
(textcomp)             Family '?' is the default used for unknown fonts.
(textcomp)             See the documentation for details.
Package textcomp Info: Setting ? sub-encoding to TS1/1 on input line 79.

("C:\Users\Padraig Lysandrou\AppData\Local\Programs\MiKTeX 2.9\tex\latex\base\t
s1enc.def"
File: ts1enc.def 2001/06/05 v3.0e (jk/car/fm) Standard LaTeX file
Now handling font encoding TS1 ...
... processing UTF-8 mapping file for font encoding TS1

("C:\Users\Padraig Lysandrou\AppData\Local\Programs\MiKTeX 2.9\tex\latex\base\t
s1enc.dfu"
File: ts1enc.dfu 2018/04/05 v1.2c UTF-8 support for inputenc
   defining Unicode char U+00A2 (decimal 162)
   defining Unicode char U+00A3 (decimal 163)
   defining Unicode char U+00A4 (decimal 164)
   defining Unicode char U+00A5 (decimal 165)
   defining Unicode char U+00A6 (decimal 166)
   defining Unicode char U+00A7 (decimal 167)
   defining Unicode char U+00A8 (decimal 168)
   defining Unicode char U+00A9 (decimal 169)
   defining Unicode char U+00AA (decimal 170)
   defining Unicode char U+00AC (decimal 172)
   defining Unicode char U+00AE (decimal 174)
   defining Unicode char U+00AF (decimal 175)
   defining Unicode char U+00B0 (decimal 176)
   defining Unicode char U+00B1 (decimal 177)
   defining Unicode char U+00B2 (decimal 178)
   defining Unicode char U+00B3 (decimal 179)
   defining Unicode char U+00B4 (decimal 180)
   defining Unicode char U+00B5 (decimal 181)
   defining Unicode char U+00B6 (decimal 182)
   defining Unicode char U+00B7 (decimal 183)
   defining Unicode char U+00B9 (decimal 185)
   defining Unicode char U+00BA (decimal 186)
   defining Unicode char U+00BC (decimal 188)
   defining Unicode char U+00BD (decimal 189)
   defining Unicode char U+00BE (decimal 190)
   defining Unicode char U+00D7 (decimal 215)
   defining Unicode char U+00F7 (decimal 247)
   defining Unicode char U+0192 (decimal 402)
   defining Unicode char U+02C7 (decimal 711)
   defining Unicode char U+02D8 (decimal 728)
   defining Unicode char U+02DD (decimal 733)
   defining Unicode char U+0E3F (decimal 3647)
   defining Unicode char U+2016 (decimal 8214)
   defining Unicode char U+2020 (decimal 8224)
   defining Unicode char U+2021 (decimal 8225)
   defining Unicode char U+2022 (decimal 8226)
   defining Unicode char U+2030 (decimal 8240)
   defining Unicode char U+2031 (decimal 8241)
   defining Unicode char U+203B (decimal 8251)
   defining Unicode char U+203D (decimal 8253)
   defining Unicode char U+2044 (decimal 8260)
   defining Unicode char U+204E (decimal 8270)
   defining Unicode char U+2052 (decimal 8274)
   defining Unicode char U+20A1 (decimal 8353)
   defining Unicode char U+20A4 (decimal 8356)
   defining Unicode char U+20A6 (decimal 8358)
   defining Unicode char U+20A9 (decimal 8361)
   defining Unicode char U+20AB (decimal 8363)
   defining Unicode char U+20AC (decimal 8364)
   defining Unicode char U+20B1 (decimal 8369)
   defining Unicode char U+2103 (decimal 8451)
   defining Unicode char U+2116 (decimal 8470)
   defining Unicode char U+2117 (decimal 8471)
   defining Unicode char U+211E (decimal 8478)
   defining Unicode char U+2120 (decimal 8480)
   defining Unicode char U+2122 (decimal 8482)
   defining Unicode char U+2126 (decimal 8486)
   defining Unicode char U+2127 (decimal 8487)
   defining Unicode char U+212E (decimal 8494)
   defining Unicode char U+2190 (decimal 8592)
   defining Unicode char U+2191 (decimal 8593)
   defining Unicode char U+2192 (decimal 8594)
   defining Unicode char U+2193 (decimal 8595)
   defining Unicode char U+2329 (decimal 9001)
   defining Unicode char U+232A (decimal 9002)
   defining Unicode char U+2422 (decimal 9250)
   defining Unicode char U+25E6 (decimal 9702)
   defining Unicode char U+25EF (decimal 9711)
   defining Unicode char U+266A (decimal 9834)
   defining Unicode char U+FEFF (decimal 65279)
))
LaTeX Info: Redefining \oldstylenums on input line 334.
Package textcomp Info: Setting cmr sub-encoding to TS1/0 on input line 349.
Package textcomp Info: Setting cmss sub-encoding to TS1/0 on input line 350.
Package textcomp Info: Setting cmtt sub-encoding to TS1/0 on input line 351.
Package textcomp Info: Setting cmvtt sub-encoding to TS1/0 on input line 352.
Package textcomp Info: Setting cmbr sub-encoding to TS1/0 on input line 353.
Package textcomp Info: Setting cmtl sub-encoding to TS1/0 on input line 354.
Package textcomp Info: Setting ccr sub-encoding to TS1/0 on input line 355.
Package textcomp Info: Setting ptm sub-encoding to TS1/4 on input line 356.
Package textcomp Info: Setting pcr sub-encoding to TS1/4 on input line 357.
Package textcomp Info: Setting phv sub-encoding to TS1/4 on input line 358.
Package textcomp Info: Setting ppl sub-encoding to TS1/3 on input line 359.
Package textcomp Info: Setting pag sub-encoding to TS1/4 on input line 360.
Package textcomp Info: Setting pbk sub-encoding to TS1/4 on input line 361.
Package textcomp Info: Setting pnc sub-encoding to TS1/4 on input line 362.
Package textcomp Info: Setting pzc sub-encoding to TS1/4 on input line 363.
Package textcomp Info: Setting bch sub-encoding to TS1/4 on input line 364.
Package textcomp Info: Setting put sub-encoding to TS1/5 on input line 365.
Package textcomp Info: Setting uag sub-encoding to TS1/5 on input line 366.
Package textcomp Info: Setting ugq sub-encoding to TS1/5 on input line 367.
Package textcomp Info: Setting ul8 sub-encoding to TS1/4 on input line 368.
Package textcomp Info: Setting ul9 sub-encoding to TS1/4 on input line 369.
Package textcomp Info: Setting augie sub-encoding to TS1/5 on input line 370.
Package textcomp Info: Setting dayrom sub-encoding to TS1/3 on input line 371.
Package textcomp Info: Setting dayroms sub-encoding to TS1/3 on input line 372.

Package textcomp Info: Setting pxr sub-encoding to TS1/0 on input line 373.
Package textcomp Info: Setting pxss sub-encoding to TS1/0 on input line 374.
Package textcomp Info: Setting pxtt sub-encoding to TS1/0 on input line 375.
Package textcomp Info: Setting txr sub-encoding to TS1/0 on input line 376.
Package textcomp Info: Setting txss sub-encoding to TS1/0 on input line 377.
Package textcomp Info: Setting txtt sub-encoding to TS1/0 on input line 378.
Package textcomp Info: Setting lmr sub-encoding to TS1/0 on input line 379.
Package textcomp Info: Setting lmdh sub-encoding to TS1/0 on input line 380.
Package textcomp Info: Setting lmss sub-encoding to TS1/0 on input line 381.
Package textcomp Info: Setting lmssq sub-encoding to TS1/0 on input line 382.
Package textcomp Info: Setting lmvtt sub-encoding to TS1/0 on input line 383.
Package textcomp Info: Setting lmtt sub-encoding to TS1/0 on input line 384.
Package textcomp Info: Setting qhv sub-encoding to TS1/0 on input line 385.
Package textcomp Info: Setting qag sub-encoding to TS1/0 on input line 386.
Package textcomp Info: Setting qbk sub-encoding to TS1/0 on input line 387.
Package textcomp Info: Setting qcr sub-encoding to TS1/0 on input line 388.
Package textcomp Info: Setting qcs sub-encoding to TS1/0 on input line 389.
Package textcomp Info: Setting qpl sub-encoding to TS1/0 on input line 390.
Package textcomp Info: Setting qtm sub-encoding to TS1/0 on input line 391.
Package textcomp Info: Setting qzc sub-encoding to TS1/0 on input line 392.
Package textcomp Info: Setting qhvc sub-encoding to TS1/0 on input line 393.
Package textcomp Info: Setting futs sub-encoding to TS1/4 on input line 394.
Package textcomp Info: Setting futx sub-encoding to TS1/4 on input line 395.
Package textcomp Info: Setting futj sub-encoding to TS1/4 on input line 396.
Package textcomp Info: Setting hlh sub-encoding to TS1/3 on input line 397.
Package textcomp Info: Setting hls sub-encoding to TS1/3 on input line 398.
Package textcomp Info: Setting hlst sub-encoding to TS1/3 on input line 399.
Package textcomp Info: Setting hlct sub-encoding to TS1/5 on input line 400.
Package textcomp Info: Setting hlx sub-encoding to TS1/5 on input line 401.
Package textcomp Info: Setting hlce sub-encoding to TS1/5 on input line 402.
Package textcomp Info: Setting hlcn sub-encoding to TS1/5 on input line 403.
Package textcomp Info: Setting hlcw sub-encoding to TS1/5 on input line 404.
Package textcomp Info: Setting hlcf sub-encoding to TS1/5 on input line 405.
Package textcomp Info: Setting pplx sub-encoding to TS1/3 on input line 406.
Package textcomp Info: Setting pplj sub-encoding to TS1/3 on input line 407.
Package textcomp Info: Setting ptmx sub-encoding to TS1/4 on input line 408.
Package textcomp Info: Setting ptmj sub-encoding to TS1/4 on input line 409.
)
\lbreakdots=\box70
LaTeX Font Info:    Try loading font information for OT1+pcr on input line 228.


("C:\Users\Padraig Lysandrou\AppData\Local\Programs\MiKTeX 2.9\tex\latex\psnfss
\ot1pcr.fd"
File: ot1pcr.fd 2001/06/04 font definitions for OT1/pcr.
)) (lysandrou_project_2.aux

LaTeX Warning: Label `fig:v1' multiply defined.


LaTeX Warning: Label `fig:v1' multiply defined.


LaTeX Warning: Label `fig:offset' multiply defined.


LaTeX Warning: Label `sub@fig:offset' multiply defined.

)
\openout1 = `lysandrou_project_2.aux'.

LaTeX Font Info:    Checking defaults for OML/cmm/m/it on input line 34.
LaTeX Font Info:    ... okay on input line 34.
LaTeX Font Info:    Checking defaults for T1/cmr/m/n on input line 34.
LaTeX Font Info:    ... okay on input line 34.
LaTeX Font Info:    Checking defaults for OT1/cmr/m/n on input line 34.
LaTeX Font Info:    ... okay on input line 34.
LaTeX Font Info:    Checking defaults for OMS/cmsy/m/n on input line 34.
LaTeX Font Info:    ... okay on input line 34.
LaTeX Font Info:    Checking defaults for OMX/cmex/m/n on input line 34.
LaTeX Font Info:    ... okay on input line 34.
LaTeX Font Info:    Checking defaults for U/cmr/m/n on input line 34.
LaTeX Font Info:    ... okay on input line 34.
LaTeX Font Info:    Checking defaults for PD1/pdf/m/n on input line 34.
LaTeX Font Info:    ... okay on input line 34.
LaTeX Font Info:    Checking defaults for TS1/cmr/m/n on input line 34.
LaTeX Font Info:    Try loading font information for TS1+cmr on input line 34.

("C:\Users\Padraig Lysandrou\AppData\Local\Programs\MiKTeX 2.9\tex\latex\base\t
s1cmr.fd"
File: ts1cmr.fd 2014/09/29 v2.5h Standard LaTeX font definitions
)
LaTeX Font Info:    ... okay on input line 34.
LaTeX Info: Redefining \microtypecontext on input line 34.
Package microtype Info: Generating PDF output.
Package microtype Info: Character protrusion enabled (level 2).
Package microtype Info: Using default protrusion set `alltext'.
Package microtype Info: Automatic font expansion enabled (level 2),
(microtype)             stretch: 20, shrink: 20, step: 1, non-selected.
Package microtype Info: Using default expansion set `basictext'.
Package microtype Info: No adjustment of tracking.
Package microtype Info: No adjustment of interword spacing.
Package microtype Info: No adjustment of character kerning.

("C:\Users\Padraig Lysandrou\AppData\Local\Programs\MiKTeX 2.9\tex\latex\microt
ype\mt-cmr.cfg"
File: mt-cmr.cfg 2013/05/19 v2.2 microtype config. file: Computer Modern Roman 
(RS)
)
*geometry* driver: auto-detecting
*geometry* detected driver: pdftex
*geometry* verbose mode - [ preamble ] result:
* driver: pdftex
* paper: letterpaper
* layout: <same size as paper>
* layoutoffset:(h,v)=(0.0pt,0.0pt)
* modes: 
* h-part:(L,W,R)=(72.26999pt, 469.75502pt, 72.26999pt)
* v-part:(T,H,B)=(72.26999pt, 650.43001pt, 72.26999pt)
* \paperwidth=614.295pt
* \paperheight=794.96999pt
* \textwidth=469.75502pt
* \textheight=650.43001pt
* \oddsidemargin=0.0pt
* \evensidemargin=0.0pt
* \topmargin=-37.0pt
* \headheight=12.0pt
* \headsep=25.0pt
* \topskip=10.0pt
* \footskip=30.0pt
* \marginparwidth=65.0pt
* \marginparsep=11.0pt
* \columnsep=10.0pt
* \skip\footins=9.0pt plus 4.0pt minus 2.0pt
* \hoffset=0.0pt
* \voffset=0.0pt
* \mag=1000
* \@twocolumnfalse
* \@twosidefalse
* \@mparswitchfalse
* \@reversemarginfalse
* (1in=72.27pt=25.4mm, 1cm=28.453pt)

Package caption Info: Begin \AtBeginDocument code.
Package caption Info: float package is loaded.
Package caption Info: hyperref package is loaded.
Package caption Info: listings package is loaded.
Package caption Info: longtable package is loaded.

("C:\Users\Padraig Lysandrou\AppData\Local\Programs\MiKTeX 2.9\tex\latex\captio
n\ltcaption.sty"
Package: ltcaption 2013/06/09 v1.4-94 longtable captions (AR)
)
Package caption Info: sidecap package is loaded.
Package caption Info: End \AtBeginDocument code.
\AtBeginShipoutBox=\box71
Package hyperref Info: Link coloring OFF on input line 34.

("C:\Users\Padraig Lysandrou\AppData\Local\Programs\MiKTeX 2.9\tex\latex\hyperr
ef\nameref.sty"
Package: nameref 2016/05/21 v2.44 Cross-referencing by name of section

("C:\Users\Padraig Lysandrou\AppData\Local\Programs\MiKTeX 2.9\tex\generic\ober
diek\gettitlestring.sty"
Package: gettitlestring 2016/05/16 v1.5 Cleanup title references (HO)
)
\c@section@level=\count342
)
LaTeX Info: Redefining \ref on input line 34.
LaTeX Info: Redefining \pageref on input line 34.
LaTeX Info: Redefining \nameref on input line 34.
 (lysandrou_project_2.out) (lysandrou_project_2.out)
\@outlinefile=\write3
\openout3 = `lysandrou_project_2.out'.


("C:\Users\Padraig Lysandrou\AppData\Local\Programs\MiKTeX 2.9\tex\context\base
\supp-pdf.mkii"
[Loading MPS to PDF converter (version 2006.09.02).]
\scratchcounter=\count343
\scratchdimen=\dimen289
\scratchbox=\box72
\nofMPsegments=\count344
\nofMParguments=\count345
\everyMPshowfont=\toks34
\MPscratchCnt=\count346
\MPscratchDim=\dimen290
\MPnumerator=\count347
\makeMPintoPDFobject=\count348
\everyMPtoPDFconversion=\toks35
)
("C:\Users\Padraig Lysandrou\AppData\Local\Programs\MiKTeX 2.9\tex\latex\oberdi
ek\epstopdf-base.sty"
Package: epstopdf-base 2016/05/15 v2.6 Base part for package epstopdf

("C:\Users\Padraig Lysandrou\AppData\Local\Programs\MiKTeX 2.9\tex\latex\oberdi
ek\grfext.sty"
Package: grfext 2016/05/16 v1.2 Manage graphics extensions (HO)
)
Package epstopdf-base Info: Redefining graphics rule for `.eps' on input line 4
38.
Package grfext Info: Graphics extension search list:
(grfext)             [.pdf,.png,.jpg,.mps,.jpeg,.jbig2,.jb2,.PDF,.PNG,.JPG,.JPE
G,.JBIG2,.JB2,.eps]
(grfext)             \AppendGraphicsExtensions on input line 456.
)
("C:\Users\Padraig Lysandrou\AppData\Local\Programs\MiKTeX 2.9\tex\latex\ms\rag
ged2e.sty"
Package: ragged2e 2009/05/21 v2.1 ragged2e Package (MS)

("C:\Users\Padraig Lysandrou\AppData\Local\Programs\MiKTeX 2.9\tex\latex\ms\eve
rysel.sty"
Package: everysel 2011/10/28 v1.2 EverySelectfont Package (MS)
 ABD: EverySelectfont initializing macros
LaTeX Info: Redefining \selectfont on input line 126.
)
\CenteringLeftskip=\skip161
\RaggedLeftLeftskip=\skip162
\RaggedRightLeftskip=\skip163
\CenteringRightskip=\skip164
\RaggedLeftRightskip=\skip165
\RaggedRightRightskip=\skip166
\CenteringParfillskip=\skip167
\RaggedLeftParfillskip=\skip168
\RaggedRightParfillskip=\skip169
\JustifyingParfillskip=\skip170
\CenteringParindent=\skip171
\RaggedLeftParindent=\skip172
\RaggedRightParindent=\skip173
\JustifyingParindent=\skip174
)
\c@lstlisting=\count349
.................................................
. chemgreek info: "mapping-activated"
. 
. Activating mapping `default' on line 34.
.................................................

("C:\Users\Padraig Lysandrou\AppData\Local\Programs\MiKTeX 2.9\tex\latex\transl
ator\translator-basic-dictionary-English.dict"
Dictionary: translator-basic-dictionary, Language: English 
)
("C:\Users\Padraig Lysandrou\AppData\Local\Programs\MiKTeX 2.9\tex\latex\siunit
x\siunitx-abbreviations.cfg"
File: siunitx-abbreviations.cfg 2017/11/26 v2.7k siunitx: Abbreviated units
)
LaTeX Font Info:    Try loading font information for U+msa on input line 34.

("C:\Users\Padraig Lysandrou\AppData\Local\Programs\MiKTeX 2.9\tex\latex\amsfon
ts\umsa.fd"
File: umsa.fd 2013/01/14 v3.01 AMS symbols A
)
("C:\Users\Padraig Lysandrou\AppData\Local\Programs\MiKTeX 2.9\tex\latex\microt
ype\mt-msa.cfg"
File: mt-msa.cfg 2006/02/04 v1.1 microtype config. file: AMS symbols (a) (RS)
)
LaTeX Font Info:    Try loading font information for U+msb on input line 34.

("C:\Users\Padraig Lysandrou\AppData\Local\Programs\MiKTeX 2.9\tex\latex\amsfon
ts\umsb.fd"
File: umsb.fd 2013/01/14 v3.01 AMS symbols B
)
("C:\Users\Padraig Lysandrou\AppData\Local\Programs\MiKTeX 2.9\tex\latex\microt
ype\mt-msb.cfg"
File: mt-msb.cfg 2005/06/01 v1.0 microtype config. file: AMS symbols (b) (RS)
)
Package microtype Info: Loading generic protrusion settings for font family
(microtype)             `cmss' (encoding: OT1).
(microtype)             For optimal results, create family-specific settings.
(microtype)             See the microtype manual for details.
Package microtype Info: Loading generic protrusion settings for font family
(microtype)             `cmtt' (encoding: OT1).
(microtype)             For optimal results, create family-specific settings.
(microtype)             See the microtype manual for details.
 [1

{C:/Users/Padraig Lysandrou/AppData/Local/MiKTeX/2.9/pdftex/config/pdftex.map}]
 [2

] [3] [4]
Package epstopdf Info: Source file: <figures/traj.eps>
(epstopdf)                    date: 2019-12-10 11:06:03
(epstopdf)                    size: 57387 bytes
(epstopdf)             Output file: <figures/traj-eps-converted-to.pdf>
(epstopdf)                    date: 2019-12-10 11:07:00
(epstopdf)                    size: 17953 bytes
(epstopdf)             Command: <epstopdf --outfile=figures/traj-eps-converted-
to.pdf figures/traj.eps>
(epstopdf)             \includegraphics on input line 306.
Package epstopdf Info: Output file is already uptodate.
<figures/traj-eps-converted-to.pdf, id=138, 263.98625pt x 274.02374pt>
File: figures/traj-eps-converted-to.pdf Graphic file (type pdf)
<use figures/traj-eps-converted-to.pdf>
Package pdftex.def Info: figures/traj-eps-converted-to.pdf  used on input line 
306.
(pdftex.def)             Requested size: 187.90271pt x 195.04742pt.
Package epstopdf Info: Source file: <figures/hillvels.eps>
(epstopdf)                    date: 2019-12-10 11:06:03
(epstopdf)                    size: 130063 bytes
(epstopdf)             Output file: <figures/hillvels-eps-converted-to.pdf>
(epstopdf)                    date: 2019-12-10 11:07:00
(epstopdf)                    size: 29289 bytes
(epstopdf)             Command: <epstopdf --outfile=figures/hillvels-eps-conver
ted-to.pdf figures/hillvels.eps>
(epstopdf)             \includegraphics on input line 312.
Package epstopdf Info: Output file is already uptodate.
<figures/hillvels-eps-converted-to.pdf, id=139, 264.99pt x 274.02374pt>
File: figures/hillvels-eps-converted-to.pdf Graphic file (type pdf)
<use figures/hillvels-eps-converted-to.pdf>
Package pdftex.def Info: figures/hillvels-eps-converted-to.pdf  used on input l
ine 312.
(pdftex.def)             Requested size: 187.90271pt x 194.31152pt.
Package epstopdf Info: Source file: <figures/controls.eps>
(epstopdf)                    date: 2019-12-10 11:06:04
(epstopdf)                    size: 129145 bytes
(epstopdf)             Output file: <figures/controls-eps-converted-to.pdf>
(epstopdf)                    date: 2019-12-10 11:07:01
(epstopdf)                    size: 34299 bytes
(epstopdf)             Command: <epstopdf --outfile=figures/controls-eps-conver
ted-to.pdf figures/controls.eps>
(epstopdf)             \includegraphics on input line 322.
Package epstopdf Info: Output file is already uptodate.
<figures/controls-eps-converted-to.pdf, id=140, 264.99pt x 274.02374pt>
File: figures/controls-eps-converted-to.pdf Graphic file (type pdf)
<use figures/controls-eps-converted-to.pdf>
Package pdftex.def Info: figures/controls-eps-converted-to.pdf  used on input l
ine 322.
(pdftex.def)             Requested size: 234.8775pt x 242.88522pt.
 [5] [6 <./figures/traj-eps-converted-to.pdf> <./figures/hillvels-eps-converted
-to.pdf> <./figures/controls-eps-converted-to.pdf>]
Package epstopdf Info: Source file: <figures/traj_R.eps>
(epstopdf)                    date: 2019-12-11 13:45:57
(epstopdf)                    size: 24442 bytes
(epstopdf)             Output file: <figures/traj_R-eps-converted-to.pdf>
(epstopdf)                    date: 2019-12-11 13:49:41
(epstopdf)                    size: 12183 bytes
(epstopdf)             Command: <epstopdf --outfile=figures/traj_R-eps-converte
d-to.pdf figures/traj_R.eps>
(epstopdf)             \includegraphics on input line 345.
Package epstopdf Info: Output file is already uptodate.
<figures/traj_R-eps-converted-to.pdf, id=187, 260.975pt x 274.02374pt>
File: figures/traj_R-eps-converted-to.pdf Graphic file (type pdf)
<use figures/traj_R-eps-converted-to.pdf>
Package pdftex.def Info: figures/traj_R-eps-converted-to.pdf  used on input lin
e 345.
(pdftex.def)             Requested size: 187.90271pt x 197.30112pt.
Package epstopdf Info: Source file: <figures/hillvels_R.eps>
(epstopdf)                    date: 2019-12-11 13:45:58
(epstopdf)                    size: 163767 bytes
(epstopdf)             Output file: <figures/hillvels_R-eps-converted-to.pdf>
(epstopdf)                    date: 2019-12-11 13:49:41
(epstopdf)                    size: 36539 bytes
(epstopdf)             Command: <epstopdf --outfile=figures/hillvels_R-eps-conv
erted-to.pdf figures/hillvels_R.eps>
(epstopdf)             \includegraphics on input line 351.
Package epstopdf Info: Output file is already uptodate.
<figures/hillvels_R-eps-converted-to.pdf, id=188, 255.95625pt x 274.02374pt>
File: figures/hillvels_R-eps-converted-to.pdf Graphic file (type pdf)
<use figures/hillvels_R-eps-converted-to.pdf>
Package pdftex.def Info: figures/hillvels_R-eps-converted-to.pdf  used on input
 line 351.
(pdftex.def)             Requested size: 187.90271pt x 201.1646pt.
 [7

 <./figures/traj_R-eps-converted-to.pdf> <./figures/hillvels_R-eps-converted-to
.pdf>]
Package epstopdf Info: Source file: <figures/trajLyap.eps>
(epstopdf)                    date: 2019-12-11 13:46:04
(epstopdf)                    size: 25552 bytes
(epstopdf)             Output file: <figures/trajLyap-eps-converted-to.pdf>
(epstopdf)                    date: 2019-12-11 13:49:42
(epstopdf)                    size: 12613 bytes
(epstopdf)             Command: <epstopdf --outfile=figures/trajLyap-eps-conver
ted-to.pdf figures/trajLyap.eps>
(epstopdf)             \includegraphics on input line 376.
Package epstopdf Info: Output file is already uptodate.
<figures/trajLyap-eps-converted-to.pdf, id=222, 260.975pt x 274.02374pt>
File: figures/trajLyap-eps-converted-to.pdf Graphic file (type pdf)
<use figures/trajLyap-eps-converted-to.pdf>
Package pdftex.def Info: figures/trajLyap-eps-converted-to.pdf  used on input l
ine 376.
(pdftex.def)             Requested size: 187.90271pt x 197.30112pt.
Package epstopdf Info: Source file: <figures/velsLyap.eps>
(epstopdf)                    date: 2019-12-11 13:46:04
(epstopdf)                    size: 180359 bytes
(epstopdf)             Output file: <figures/velsLyap-eps-converted-to.pdf>
(epstopdf)                    date: 2019-12-11 13:49:43
(epstopdf)                    size: 36154 bytes
(epstopdf)             Command: <epstopdf --outfile=figures/velsLyap-eps-conver
ted-to.pdf figures/velsLyap.eps>
(epstopdf)             \includegraphics on input line 382.
Package epstopdf Info: Output file is already uptodate.
<figures/velsLyap-eps-converted-to.pdf, id=223, 256.96pt x 274.02374pt>
File: figures/velsLyap-eps-converted-to.pdf Graphic file (type pdf)
<use figures/velsLyap-eps-converted-to.pdf>
Package pdftex.def Info: figures/velsLyap-eps-converted-to.pdf  used on input l
ine 382.
(pdftex.def)             Requested size: 187.90271pt x 200.3827pt.
Package epstopdf Info: Source file: <figures/controlsH.eps>
(epstopdf)                    date: 2019-12-11 13:45:59
(epstopdf)                    size: 138933 bytes
(epstopdf)             Output file: <figures/controlsH-eps-converted-to.pdf>
(epstopdf)                    date: 2019-12-11 13:49:43
(epstopdf)                    size: 33829 bytes
(epstopdf)             Command: <epstopdf --outfile=figures/controlsH-eps-conve
rted-to.pdf figures/controlsH.eps>
(epstopdf)             \includegraphics on input line 407.
Package epstopdf Info: Output file is already uptodate.
<figures/controlsH-eps-converted-to.pdf, id=226, 261.97874pt x 142.5325pt>
File: figures/controlsH-eps-converted-to.pdf Graphic file (type pdf)
<use figures/controlsH-eps-converted-to.pdf>
Package pdftex.def Info: figures/controlsH-eps-converted-to.pdf  used on input 
line 407.
(pdftex.def)             Requested size: 187.90271pt x 102.23401pt.
Package epstopdf Info: Source file: <figures/controlsCart.eps>
(epstopdf)                    date: 2019-12-11 13:46:03
(epstopdf)                    size: 179452 bytes
(epstopdf)             Output file: <figures/controlsCart-eps-converted-to.pdf>

(epstopdf)                    date: 2019-12-11 13:49:44
(epstopdf)                    size: 33301 bytes
(epstopdf)             Command: <epstopdf --outfile=figures/controlsCart-eps-co
nverted-to.pdf figures/controlsCart.eps>
(epstopdf)             \includegraphics on input line 411.
Package epstopdf Info: Output file is already uptodate.
<figures/controlsCart-eps-converted-to.pdf, id=227, 256.96pt x 142.5325pt>
File: figures/controlsCart-eps-converted-to.pdf Graphic file (type pdf)
<use figures/controlsCart-eps-converted-to.pdf>
Package pdftex.def Info: figures/controlsCart-eps-converted-to.pdf  used on inp
ut line 411.
(pdftex.def)             Requested size: 187.90271pt x 104.22836pt.
Package epstopdf Info: Source file: <figures/dVOptimal.eps>
(epstopdf)                    date: 2019-12-11 13:46:00
(epstopdf)                    size: 57111 bytes
(epstopdf)             Output file: <figures/dVOptimal-eps-converted-to.pdf>
(epstopdf)                    date: 2019-12-11 13:49:44
(epstopdf)                    size: 23095 bytes
(epstopdf)             Command: <epstopdf --outfile=figures/dVOptimal-eps-conve
rted-to.pdf figures/dVOptimal.eps>
(epstopdf)             \includegraphics on input line 416.
Package epstopdf Info: Output file is already uptodate.
<figures/dVOptimal-eps-converted-to.pdf, id=228, 258.9675pt x 142.5325pt>
File: figures/dVOptimal-eps-converted-to.pdf Graphic file (type pdf)
<use figures/dVOptimal-eps-converted-to.pdf>
Package pdftex.def Info: figures/dVOptimal-eps-converted-to.pdf  used on input 
line 416.
(pdftex.def)             Requested size: 187.90271pt x 103.42366pt.
Package epstopdf Info: Source file: <figures/dVCart.eps>
(epstopdf)                    date: 2019-12-11 13:46:04
(epstopdf)                    size: 56183 bytes
(epstopdf)             Output file: <figures/dVCart-eps-converted-to.pdf>
(epstopdf)                    date: 2019-12-11 13:49:45
(epstopdf)                    size: 20890 bytes
(epstopdf)             Command: <epstopdf --outfile=figures/dVCart-eps-converte
d-to.pdf figures/dVCart.eps>
(epstopdf)             \includegraphics on input line 420.
Package epstopdf Info: Output file is already uptodate.
<figures/dVCart-eps-converted-to.pdf, id=229, 252.945pt x 142.5325pt>
File: figures/dVCart-eps-converted-to.pdf Graphic file (type pdf)
<use figures/dVCart-eps-converted-to.pdf>
Package pdftex.def Info: figures/dVCart-eps-converted-to.pdf  used on input lin
e 420.
(pdftex.def)             Requested size: 187.90271pt x 105.88342pt.
Package epstopdf Info: Source file: <figures/traj_quiv.eps>
(epstopdf)                    date: 2019-12-11 14:12:16
(epstopdf)                    size: 41257 bytes
(epstopdf)             Output file: <figures/traj_quiv-eps-converted-to.pdf>
(epstopdf)                    date: 2019-12-11 14:13:05
(epstopdf)                    size: 15633 bytes
(epstopdf)             Command: <epstopdf --outfile=figures/traj_quiv-eps-conve
rted-to.pdf figures/traj_quiv.eps>
(epstopdf)             \includegraphics on input line 428.
Package epstopdf Info: Output file is already uptodate.
<figures/traj_quiv-eps-converted-to.pdf, id=230, 268.00125pt x 391.4625pt>
File: figures/traj_quiv-eps-converted-to.pdf Graphic file (type pdf)
<use figures/traj_quiv-eps-converted-to.pdf>
Package pdftex.def Info: figures/traj_quiv-eps-converted-to.pdf  used on input 
line 428.
(pdftex.def)             Requested size: 234.8775pt x 343.07837pt.
 [8

 <./figures/trajLyap-eps-converted-to.pdf> <./figures/velsLyap-eps-converted-to
.pdf>] [9 <./figures/controlsH-eps-converted-to.pdf> <./figures/controlsCart-ep
s-converted-to.pdf> <./figures/dVOptimal-eps-converted-to.pdf> <./figures/dVCar
t-eps-converted-to.pdf> <./figures/traj_quiv-eps-converted-to.pdf>]
Package epstopdf Info: Source file: <figures/nlt3.eps>
(epstopdf)                    date: 2019-12-11 21:41:58
(epstopdf)                    size: 26079 bytes
(epstopdf)             Output file: <figures/nlt3-eps-converted-to.pdf>
(epstopdf)                    date: 2019-12-11 21:45:14
(epstopdf)                    size: 12281 bytes
(epstopdf)             Command: <epstopdf --outfile=figures/nlt3-eps-converted-
to.pdf figures/nlt3.eps>
(epstopdf)             \includegraphics on input line 443.
Package epstopdf Info: Output file is already uptodate.
<figures/nlt3-eps-converted-to.pdf, id=302, 366.36874pt x 394.47375pt>
File: figures/nlt3-eps-converted-to.pdf Graphic file (type pdf)
<use figures/nlt3-eps-converted-to.pdf>
Package pdftex.def Info: figures/nlt3-eps-converted-to.pdf  used on input line 
443.
(pdftex.def)             Requested size: 187.90271pt x 202.31657pt.
Package epstopdf Info: Source file: <figures/vels_N.eps>
(epstopdf)                    date: 2019-12-11 21:59:26
(epstopdf)                    size: 237786 bytes
(epstopdf)             Output file: <figures/vels_N-eps-converted-to.pdf>
(epstopdf)                    date: 2019-12-11 22:00:45
(epstopdf)                    size: 56025 bytes
(epstopdf)             Command: <epstopdf --outfile=figures/vels_N-eps-converte
d-to.pdf figures/vels_N.eps>
(epstopdf)             \includegraphics on input line 449.
Package epstopdf Info: Output file is already uptodate.
<figures/vels_N-eps-converted-to.pdf, id=303, 367.3725pt x 391.4625pt>
File: figures/vels_N-eps-converted-to.pdf Graphic file (type pdf)
<use figures/vels_N-eps-converted-to.pdf>
Package pdftex.def Info: figures/vels_N-eps-converted-to.pdf  used on input lin
e 449.
(pdftex.def)             Requested size: 187.90271pt x 200.2286pt.

Underfull \hbox (badness 10000) in paragraph at lines 441--454
[]$[]$$[]$
 []

Package epstopdf Info: Source file: <figures/controls_NL.eps>
(epstopdf)                    date: 2019-12-11 21:43:15
(epstopdf)                    size: 136958 bytes
(epstopdf)             Output file: <figures/controls_NL-eps-converted-to.pdf>
(epstopdf)                    date: 2019-12-11 21:45:15
(epstopdf)                    size: 45836 bytes
(epstopdf)             Command: <epstopdf --outfile=figures/controls_NL-eps-con
verted-to.pdf figures/controls_NL.eps>
(epstopdf)             \includegraphics on input line 459.
Package epstopdf Info: Output file is already uptodate.
<figures/controls_NL-eps-converted-to.pdf, id=304, 259.97125pt x 142.5325pt>
File: figures/controls_NL-eps-converted-to.pdf Graphic file (type pdf)
<use figures/controls_NL-eps-converted-to.pdf>
Package pdftex.def Info: figures/controls_NL-eps-converted-to.pdf  used on inpu
t line 459.
(pdftex.def)             Requested size: 187.90271pt x 103.01913pt.
Package epstopdf Info: Source file: <figures/dV_NL.eps>
(epstopdf)                    date: 2019-12-11 21:43:16
(epstopdf)                    size: 57119 bytes
(epstopdf)             Output file: <figures/dV_NL-eps-converted-to.pdf>
(epstopdf)                    date: 2019-12-11 21:45:15
(epstopdf)                    size: 22857 bytes
(epstopdf)             Command: <epstopdf --outfile=figures/dV_NL-eps-converted
-to.pdf figures/dV_NL.eps>
(epstopdf)             \includegraphics on input line 463.
Package epstopdf Info: Output file is already uptodate.
<figures/dV_NL-eps-converted-to.pdf, id=305, 258.9675pt x 142.5325pt>
File: figures/dV_NL-eps-converted-to.pdf Graphic file (type pdf)
<use figures/dV_NL-eps-converted-to.pdf>
Package pdftex.def Info: figures/dV_NL-eps-converted-to.pdf  used on input line
 463.
(pdftex.def)             Requested size: 187.90271pt x 103.42366pt.
[10

 <./figures/nlt3-eps-converted-to.pdf> <./figures/vels_N-eps-converted-to.pdf> 
<./figures/controls_NL-eps-converted-to.pdf> <./figures/dV_NL-eps-converted-to.
pdf>]
Package epstopdf Info: Source file: <figures/finaltime.eps>
(epstopdf)                    date: 2019-12-11 21:21:44
(epstopdf)                    size: 38261 bytes
(epstopdf)             Output file: <figures/finaltime-eps-converted-to.pdf>
(epstopdf)                    date: 2019-12-11 21:27:16
(epstopdf)                    size: 12942 bytes
(epstopdf)             Command: <epstopdf --outfile=figures/finaltime-eps-conve
rted-to.pdf figures/finaltime.eps>
(epstopdf)             \includegraphics on input line 479.
Package epstopdf Info: Output file is already uptodate.
<figures/finaltime-eps-converted-to.pdf, id=347, 377.41pt x 211.79124pt>
File: figures/finaltime-eps-converted-to.pdf Graphic file (type pdf)
<use figures/finaltime-eps-converted-to.pdf>
Package pdftex.def Info: figures/finaltime-eps-converted-to.pdf  used on input 
line 479.
(pdftex.def)             Requested size: 234.8775pt x 131.80688pt.
Package epstopdf Info: Source file: <figures/traj_u.eps>
(epstopdf)                    date: 2019-12-11 22:51:52
(epstopdf)                    size: 375778 bytes
(epstopdf)             Output file: <figures/traj_u-eps-converted-to.pdf>
(epstopdf)                    date: 2019-12-11 23:03:57
(epstopdf)                    size: 100526 bytes
(epstopdf)             Command: <epstopdf --outfile=figures/traj_u-eps-converte
d-to.pdf figures/traj_u.eps>
(epstopdf)             \includegraphics on input line 491.
Package epstopdf Info: Output file is already uptodate.
<figures/traj_u-eps-converted-to.pdf, id=348, 379.4175pt x 393.47pt>
File: figures/traj_u-eps-converted-to.pdf Graphic file (type pdf)
<use figures/traj_u-eps-converted-to.pdf>
Package pdftex.def Info: figures/traj_u-eps-converted-to.pdf  used on input lin
e 491.
(pdftex.def)             Requested size: 187.90271pt x 194.86731pt.
Package epstopdf Info: Source file: <figures/vels_u.eps>
(epstopdf)                    date: 2019-12-11 22:51:53
(epstopdf)                    size: 1026868 bytes
(epstopdf)             Output file: <figures/vels_u-eps-converted-to.pdf>
(epstopdf)                    date: 2019-12-11 23:03:58
(epstopdf)                    size: 250561 bytes
(epstopdf)             Command: <epstopdf --outfile=figures/vels_u-eps-converte
d-to.pdf figures/vels_u.eps>
(epstopdf)             \includegraphics on input line 495.
Package epstopdf Info: Output file is already uptodate.
<figures/vels_u-eps-converted-to.pdf, id=349, 368.37625pt x 391.4625pt>
File: figures/vels_u-eps-converted-to.pdf Graphic file (type pdf)
<use figures/vels_u-eps-converted-to.pdf>
Package pdftex.def Info: figures/vels_u-eps-converted-to.pdf  used on input lin
e 495.
(pdftex.def)             Requested size: 187.90271pt x 199.6731pt.
 [11 <./figures/finaltime-eps-converted-to.pdf> <./figures/traj_u-eps-converted
-to.pdf> <./figures/vels_u-eps-converted-to.pdf>]
Package epstopdf Info: Source file: <figures/traj_noise.eps>
(epstopdf)                    date: 2019-12-11 23:27:22
(epstopdf)                    size: 375770 bytes
(epstopdf)             Output file: <figures/traj_noise-eps-converted-to.pdf>
(epstopdf)                    date: 2019-12-11 23:30:33
(epstopdf)                    size: 98542 bytes
(epstopdf)             Command: <epstopdf --outfile=figures/traj_noise-eps-conv
erted-to.pdf figures/traj_noise.eps>
(epstopdf)             \includegraphics on input line 510.
Package epstopdf Info: Output file is already uptodate.
<figures/traj_noise-eps-converted-to.pdf, id=379, 373.395pt x 393.47pt>
File: figures/traj_noise-eps-converted-to.pdf Graphic file (type pdf)
<use figures/traj_noise-eps-converted-to.pdf>
Package pdftex.def Info: figures/traj_noise-eps-converted-to.pdf  used on input
 line 510.
(pdftex.def)             Requested size: 187.90271pt x 198.00131pt.
Package epstopdf Info: Source file: <figures/vels_noise.eps>
(epstopdf)                    date: 2019-12-11 23:27:23
(epstopdf)                    size: 1077385 bytes
(epstopdf)             Output file: <figures/vels_noise-eps-converted-to.pdf>
(epstopdf)                    date: 2019-12-11 23:30:35
(epstopdf)                    size: 335565 bytes
(epstopdf)             Command: <epstopdf --outfile=figures/vels_noise-eps-conv
erted-to.pdf figures/vels_noise.eps>
(epstopdf)             \includegraphics on input line 514.
Package epstopdf Info: Output file is already uptodate.
<figures/vels_noise-eps-converted-to.pdf, id=380, 367.3725pt x 391.4625pt>
File: figures/vels_noise-eps-converted-to.pdf Graphic file (type pdf)
<use figures/vels_noise-eps-converted-to.pdf>
Package pdftex.def Info: figures/vels_noise-eps-converted-to.pdf  used on input
 line 514.
(pdftex.def)             Requested size: 187.90271pt x 200.2286pt.
Package epstopdf Info: Source file: <figures/controls_noise.eps>
(epstopdf)                    date: 2019-12-11 23:27:22
(epstopdf)                    size: 1015591 bytes
(epstopdf)             Output file: <figures/controls_noise-eps-converted-to.pd
f>
(epstopdf)                    date: 2019-12-11 23:30:36
(epstopdf)                    size: 369033 bytes
(epstopdf)             Command: <epstopdf --outfile=figures/controls_noise-eps-
converted-to.pdf figures/controls_noise.eps>
(epstopdf)             \includegraphics on input line 521.
Package epstopdf Info: Output file is already uptodate.
<figures/controls_noise-eps-converted-to.pdf, id=381, 255.95625pt x 142.5325pt>

File: figures/controls_noise-eps-converted-to.pdf Graphic file (type pdf)
<use figures/controls_noise-eps-converted-to.pdf>
Package pdftex.def Info: figures/controls_noise-eps-converted-to.pdf  used on i
nput line 521.
(pdftex.def)             Requested size: 234.8775pt x 130.79437pt.
 [12 <./figures/traj_noise-eps-converted-to.pdf> <./figures/vels_noise-eps-conv
erted-to.pdf> <./figures/controls_noise-eps-converted-to.pdf>] (lysandrou_proje
ct_2.bbl)
Package atveryend Info: Empty hook `BeforeClearDocument' on input line 552.
 [13

]
Package atveryend Info: Empty hook `AfterLastShipout' on input line 552.

(lysandrou_project_2.aux)
Package atveryend Info: Executing hook `AtVeryEndDocument' on input line 552.
Package atveryend Info: Executing hook `AtEndAfterFileList' on input line 552.
Package rerunfilecheck Info: File `lysandrou_project_2.out' has not changed.
(rerunfilecheck)             Checksum: 780E8CE3D52AB5BF10FA0DBBDEDDB9F6;1118.


LaTeX Warning: There were multiply-defined labels.

 ) 
Here is how much of TeX's memory you used:
 27721 strings out of 492973
 510880 string characters out of 3121374
 637394 words of memory out of 3000000
 31036 multiletter control sequences out of 15000+200000
 553622 words of font info for 142 fonts, out of 3000000 for 9000
 1141 hyphenation exceptions out of 8191
 44i,14n,63p,1043b,914s stack positions out of 5000i,500n,10000p,200000b,50000s
 <C:\Users\Padraig Lysandrou\AppData\Local\MiKTeX\2.9\fonts\pk\ljfour\jknappe
n\ec\dpi600\tcrm1000.pk> <C:\Users\Padraig Lysandrou\AppData\Local\MiKTeX\2.9\f
onts\pk\ljfour\jknappen\ec\dpi600\tcrm0600.pk> <C:\Users\Padraig Lysandrou\AppD
ata\Local\MiKTeX\2.9\fonts\pk\ljfour\jknappen\ec\dpi600\tcrm0700.pk><C:/Users/P
adraig Lysandrou/AppData/Local/Programs/MiKTeX 2.9/fonts/type1/public/amsfonts/
cm/cmbx10.pfb><C:/Users/Padraig Lysandrou/AppData/Local/Programs/MiKTeX 2.9/fon
ts/type1/public/amsfonts/cm/cmbx12.pfb><C:/Users/Padraig Lysandrou/AppData/Loca
l/Programs/MiKTeX 2.9/fonts/type1/public/amsfonts/cm/cmbx7.pfb><C:/Users/Padrai
g Lysandrou/AppData/Local/Programs/MiKTeX 2.9/fonts/type1/public/amsfonts/cm/cm
bx9.pfb><C:/Users/Padraig Lysandrou/AppData/Local/Programs/MiKTeX 2.9/fonts/typ
e1/public/amsfonts/cm/cmex10.pfb><C:/Users/Padraig Lysandrou/AppData/Local/Prog
rams/MiKTeX 2.9/fonts/type1/public/amsfonts/cm/cmmi10.pfb><C:/Users/Padraig Lys
androu/AppData/Local/Programs/MiKTeX 2.9/fonts/type1/public/amsfonts/cm/cmmi5.p
fb><C:/Users/Padraig Lysandrou/AppData/Local/Programs/MiKTeX 2.9/fonts/type1/pu
blic/amsfonts/cm/cmmi6.pfb><C:/Users/Padraig Lysandrou/AppData/Local/Programs/M
iKTeX 2.9/fonts/type1/public/amsfonts/cm/cmmi7.pfb><C:/Users/Padraig Lysandrou/
AppData/Local/Programs/MiKTeX 2.9/fonts/type1/public/amsfonts/cm/cmmi9.pfb><C:/
Users/Padraig Lysandrou/AppData/Local/Programs/MiKTeX 2.9/fonts/type1/public/am
sfonts/cm/cmmib10.pfb><C:/Users/Padraig Lysandrou/AppData/Local/Programs/MiKTeX
 2.9/fonts/type1/public/amsfonts/cmextra/cmmib7.pfb><C:/Users/Padraig Lysandrou
/AppData/Local/Programs/MiKTeX 2.9/fonts/type1/public/amsfonts/cm/cmr10.pfb><C:
/Users/Padraig Lysandrou/AppData/Local/Programs/MiKTeX 2.9/fonts/type1/public/a
msfonts/cm/cmr5.pfb><C:/Users/Padraig Lysandrou/AppData/Local/Programs/MiKTeX 2
.9/fonts/type1/public/amsfonts/cm/cmr6.pfb><C:/Users/Padraig Lysandrou/AppData/
Local/Programs/MiKTeX 2.9/fonts/type1/public/amsfonts/cm/cmr7.pfb><C:/Users/Pad
raig Lysandrou/AppData/Local/Programs/MiKTeX 2.9/fonts/type1/public/amsfonts/cm
/cmr8.pfb><C:/Users/Padraig Lysandrou/AppData/Local/Programs/MiKTeX 2.9/fonts/t
ype1/public/amsfonts/cm/cmr9.pfb><C:/Users/Padraig Lysandrou/AppData/Local/Prog
rams/MiKTeX 2.9/fonts/type1/public/amsfonts/cm/cmsy10.pfb><C:/Users/Padraig Lys
androu/AppData/Local/Programs/MiKTeX 2.9/fonts/type1/public/amsfonts/cm/cmsy6.p
fb><C:/Users/Padraig Lysandrou/AppData/Local/Programs/MiKTeX 2.9/fonts/type1/pu
blic/amsfonts/cm/cmsy7.pfb><C:/Users/Padraig Lysandrou/AppData/Local/Programs/M
iKTeX 2.9/fonts/type1/public/amsfonts/cm/cmsy9.pfb><C:/Users/Padraig Lysandrou/
AppData/Local/Programs/MiKTeX 2.9/fonts/type1/public/amsfonts/cm/cmti10.pfb><C:
/Users/Padraig Lysandrou/AppData/Local/Programs/MiKTeX 2.9/fonts/type1/public/a
msfonts/cm/cmti9.pfb><C:/Users/Padraig Lysandrou/AppData/Local/Programs/MiKTeX 
2.9/fonts/type1/public/amsfonts/symbols/msam10.pfb><C:/Users/Padraig Lysandrou/
AppData/Local/Programs/MiKTeX 2.9/fonts/type1/public/amsfonts/symbols/msbm10.pf
b>
Output written on lysandrou_project_2.pdf (13 pages, 1922209 bytes).
PDF statistics:
 531 PDF objects out of 1000 (max. 8388607)
 88 named destinations out of 1000 (max. 500000)
 31455 words of extra memory for PDF output out of 35830 (max. 10000000)

